#-----------------------------------------------------------
# Vivado v2020.2 (64-bit)
# SW Build 3064766 on Wed Nov 18 09:12:45 MST 2020
# IP Build 3064653 on Wed Nov 18 14:17:31 MST 2020
# Start of session at: Sun May 23 10:38:59 2021
# Process ID: 16560
# Current directory: C:/Users/SimoGein/Desktop/DESD/VHDL_Project_Local/LAB3/project_3
# Command line: vivado.exe -gui_launcher_event rodinguilauncherevent3948 C:\Users\SimoGein\Desktop\DESD\VHDL_Project_Local\LAB3\project_3\project_3.xpr
# Log file: C:/Users/SimoGein/Desktop/DESD/VHDL_Project_Local/LAB3/project_3/vivado.log
# Journal file: C:/Users/SimoGein/Desktop/DESD/VHDL_Project_Local/LAB3/project_3\vivado.jou
#-----------------------------------------------------------
start_gui
open_project C:/Users/SimoGein/Desktop/DESD/VHDL_Project_Local/LAB3/project_3/project_3.xpr
Scanning sources...
Finished scanning sources
INFO: [IP_Flow 19-234] Refreshing IP repositories
INFO: [IP_Flow 19-1700] Loaded user IP repository 'c:/Users/SimoGein/Desktop/DESD/VHDL_Project_Local/LAB3/project_3/lib'.
INFO: [IP_Flow 19-2313] Loaded Vivado IP repository 'C:/Xilinx/Vivado/2020.2/data/ip'.
open_project: Time (s): cpu = 00:00:32 ; elapsed = 00:00:19 . Memory (MB): peak = 1002.645 ; gain = 0.000
open_bd_design {C:/Users/SimoGein/Desktop/DESD/VHDL_Project_Local/LAB3/project_3/project_3.srcs/sources_1/bd/design_1/design_1.bd}
Reading block design file <C:/Users/SimoGein/Desktop/DESD/VHDL_Project_Local/LAB3/project_3/project_3.srcs/sources_1/bd/design_1/design_1.bd>...
Adding component instance block -- xilinx.com:ip:clk_wiz:6.0 - clk_wiz_0
Adding component instance block -- xilinx.com:ip:proc_sys_reset:5.0 - proc_sys_reset_0
Adding component instance block -- DigiLAB:ip:AXI4Stream_UART:1.1 - AXI4Stream_UART_0
Adding component instance block -- xilinx.com:ip:proc_sys_reset:5.0 - proc_sys_reset_1
Adding component instance block -- xilinx.com:module_ref:packetizer:1.0 - packetizer_0
Adding component instance block -- xilinx.com:module_ref:depacketizer:1.0 - depacketizer_0
Adding component instance block -- xilinx.com:module_ref:mute_controller:1.0 - mute_controller_0
Adding component instance block -- xilinx.com:module_ref:debouncer:1.0 - debouncer_0
Adding component instance block -- xilinx.com:module_ref:edge_detector:1.0 - edge_detector_0
Adding component instance block -- xilinx.com:module_ref:debouncer:1.0 - debouncer_1
Adding component instance block -- xilinx.com:module_ref:edge_detector:1.0 - edge_detector_1
Adding component instance block -- xilinx.com:module_ref:volume_controller:1.0 - volume_controller_0
Adding component instance block -- xilinx.com:module_ref:mobile_mean_filter:1.0 - mobile_mean_filter_0
Successfully read diagram <design_1> from block design file <C:/Users/SimoGein/Desktop/DESD/VHDL_Project_Local/LAB3/project_3/project_3.srcs/sources_1/bd/design_1/design_1.bd>
open_bd_design: Time (s): cpu = 00:00:29 ; elapsed = 00:00:37 . Memory (MB): peak = 1002.645 ; gain = 0.000
update_compile_order -fileset sources_1
update_module_reference design_1_mute_controller_0_0
INFO: [IP_Flow 19-5107] Inferred bus interface 'm01_axis' of definition 'xilinx.com:interface:axis:1.0' (from Xilinx Repository).
INFO: [IP_Flow 19-5107] Inferred bus interface 's01_axis' of definition 'xilinx.com:interface:axis:1.0' (from Xilinx Repository).
INFO: [IP_Flow 19-5107] Inferred bus interface 'aresetn' of definition 'xilinx.com:signal:reset:1.0' (from Xilinx Repository).
INFO: [IP_Flow 19-5107] Inferred bus interface 'aclk' of definition 'xilinx.com:signal:clock:1.0' (from Xilinx Repository).
INFO: [IP_Flow 19-4728] Bus Interface 'aresetn': Added interface parameter 'POLARITY' with value 'ACTIVE_LOW'.
INFO: [IP_Flow 19-4728] Bus Interface 'aclk': Added interface parameter 'ASSOCIATED_BUSIF' with value 'm01_axis'.
INFO: [IP_Flow 19-4728] Bus Interface 'aclk': Added interface parameter 'ASSOCIATED_RESET' with value 'aresetn'.
INFO: [IP_Flow 19-234] Refreshing IP repositories
INFO: [IP_Flow 19-1700] Loaded user IP repository 'c:/Users/SimoGein/Desktop/DESD/VHDL_Project_Local/LAB3/project_3/lib'.
Upgrading 'C:/Users/SimoGein/Desktop/DESD/VHDL_Project_Local/LAB3/project_3/project_3.srcs/sources_1/bd/design_1/design_1.bd'
INFO: [IP_Flow 19-1972] Upgraded design_1_mute_controller_0_0 from mute_controller_v1_0 1.0 to mute_controller_v1_0 1.0
Wrote  : <C:\Users\SimoGein\Desktop\DESD\VHDL_Project_Local\LAB3\project_3\project_3.srcs\sources_1\bd\design_1\design_1.bd> 
Wrote  : <C:/Users/SimoGein/Desktop/DESD/VHDL_Project_Local/LAB3/project_3/project_3.srcs/sources_1/bd/design_1/ui/bd_1f5defd0.ui> 
update_module_reference design_1_volume_controller_0_0
INFO: [IP_Flow 19-5107] Inferred bus interface 'm02_axis' of definition 'xilinx.com:interface:axis:1.0' (from Xilinx Repository).
INFO: [IP_Flow 19-5107] Inferred bus interface 's02_axis' of definition 'xilinx.com:interface:axis:1.0' (from Xilinx Repository).
INFO: [IP_Flow 19-5107] Inferred bus interface 'aresetn' of definition 'xilinx.com:signal:reset:1.0' (from Xilinx Repository).
INFO: [IP_Flow 19-5107] Inferred bus interface 'aclk' of definition 'xilinx.com:signal:clock:1.0' (from Xilinx Repository).
INFO: [IP_Flow 19-4728] Bus Interface 'aresetn': Added interface parameter 'POLARITY' with value 'ACTIVE_LOW'.
INFO: [IP_Flow 19-4728] Bus Interface 'aclk': Added interface parameter 'ASSOCIATED_BUSIF' with value 'm02_axis'.
INFO: [IP_Flow 19-4728] Bus Interface 'aclk': Added interface parameter 'ASSOCIATED_RESET' with value 'aresetn'.
INFO: [IP_Flow 19-234] Refreshing IP repositories
INFO: [IP_Flow 19-1700] Loaded user IP repository 'c:/Users/SimoGein/Desktop/DESD/VHDL_Project_Local/LAB3/project_3/lib'.
Upgrading 'C:/Users/SimoGein/Desktop/DESD/VHDL_Project_Local/LAB3/project_3/project_3.srcs/sources_1/bd/design_1/design_1.bd'
INFO: [IP_Flow 19-1972] Upgraded design_1_volume_controller_0_0 from volume_controller_v1_0 1.0 to volume_controller_v1_0 1.0
Wrote  : <C:\Users\SimoGein\Desktop\DESD\VHDL_Project_Local\LAB3\project_3\project_3.srcs\sources_1\bd\design_1\design_1.bd> 
Wrote  : <C:/Users/SimoGein/Desktop/DESD/VHDL_Project_Local/LAB3/project_3/project_3.srcs/sources_1/bd/design_1/ui/bd_1f5defd0.ui> 
update_module_reference: Time (s): cpu = 00:00:03 ; elapsed = 00:00:14 . Memory (MB): peak = 1002.645 ; gain = 0.000
update_module_reference design_1_mobile_mean_filter_0_0
INFO: [IP_Flow 19-5107] Inferred bus interface 'm03_axis' of definition 'xilinx.com:interface:axis:1.0' (from Xilinx Repository).
INFO: [IP_Flow 19-5107] Inferred bus interface 's03_axis' of definition 'xilinx.com:interface:axis:1.0' (from Xilinx Repository).
INFO: [IP_Flow 19-5107] Inferred bus interface 'aresetn' of definition 'xilinx.com:signal:reset:1.0' (from Xilinx Repository).
INFO: [IP_Flow 19-5107] Inferred bus interface 'aclk' of definition 'xilinx.com:signal:clock:1.0' (from Xilinx Repository).
INFO: [IP_Flow 19-4728] Bus Interface 'aresetn': Added interface parameter 'POLARITY' with value 'ACTIVE_LOW'.
INFO: [IP_Flow 19-4728] Bus Interface 'aclk': Added interface parameter 'ASSOCIATED_BUSIF' with value 'm03_axis'.
INFO: [IP_Flow 19-4728] Bus Interface 'aclk': Added interface parameter 'ASSOCIATED_RESET' with value 'aresetn'.
INFO: [IP_Flow 19-234] Refreshing IP repositories
INFO: [IP_Flow 19-1700] Loaded user IP repository 'c:/Users/SimoGein/Desktop/DESD/VHDL_Project_Local/LAB3/project_3/lib'.
Upgrading 'C:/Users/SimoGein/Desktop/DESD/VHDL_Project_Local/LAB3/project_3/project_3.srcs/sources_1/bd/design_1/design_1.bd'
INFO: [IP_Flow 19-1972] Upgraded design_1_mobile_mean_filter_0_0 from mobile_mean_filter_v1_0 1.0 to mobile_mean_filter_v1_0 1.0
Wrote  : <C:\Users\SimoGein\Desktop\DESD\VHDL_Project_Local\LAB3\project_3\project_3.srcs\sources_1\bd\design_1\design_1.bd> 
Wrote  : <C:/Users/SimoGein/Desktop/DESD/VHDL_Project_Local/LAB3/project_3/project_3.srcs/sources_1/bd/design_1/ui/bd_1f5defd0.ui> 
update_module_reference: Time (s): cpu = 00:00:03 ; elapsed = 00:00:12 . Memory (MB): peak = 1002.645 ; gain = 0.000
update_module_reference design_1_volume_controller_0_0
INFO: [IP_Flow 19-5107] Inferred bus interface 'm02_axis' of definition 'xilinx.com:interface:axis:1.0' (from Xilinx Repository).
INFO: [IP_Flow 19-5107] Inferred bus interface 's02_axis' of definition 'xilinx.com:interface:axis:1.0' (from Xilinx Repository).
INFO: [IP_Flow 19-5107] Inferred bus interface 'aresetn' of definition 'xilinx.com:signal:reset:1.0' (from Xilinx Repository).
INFO: [IP_Flow 19-5107] Inferred bus interface 'aclk' of definition 'xilinx.com:signal:clock:1.0' (from Xilinx Repository).
INFO: [IP_Flow 19-4728] Bus Interface 'aresetn': Added interface parameter 'POLARITY' with value 'ACTIVE_LOW'.
INFO: [IP_Flow 19-4728] Bus Interface 'aclk': Added interface parameter 'ASSOCIATED_BUSIF' with value 'm02_axis'.
INFO: [IP_Flow 19-4728] Bus Interface 'aclk': Added interface parameter 'ASSOCIATED_RESET' with value 'aresetn'.
INFO: [IP_Flow 19-234] Refreshing IP repositories
INFO: [IP_Flow 19-1700] Loaded user IP repository 'c:/Users/SimoGein/Desktop/DESD/VHDL_Project_Local/LAB3/project_3/lib'.
Upgrading 'C:/Users/SimoGein/Desktop/DESD/VHDL_Project_Local/LAB3/project_3/project_3.srcs/sources_1/bd/design_1/design_1.bd'
INFO: [IP_Flow 19-1972] Upgraded design_1_volume_controller_0_0 from volume_controller_v1_0 1.0 to volume_controller_v1_0 1.0
Wrote  : <C:\Users\SimoGein\Desktop\DESD\VHDL_Project_Local\LAB3\project_3\project_3.srcs\sources_1\bd\design_1\design_1.bd> 
Wrote  : <C:/Users/SimoGein/Desktop/DESD/VHDL_Project_Local/LAB3/project_3/project_3.srcs/sources_1/bd/design_1/ui/bd_1f5defd0.ui> 
update_module_reference: Time (s): cpu = 00:00:02 ; elapsed = 00:00:17 . Memory (MB): peak = 1002.645 ; gain = 0.000
reset_run synth_1
launch_runs impl_1 -to_step write_bitstream -jobs 2
INFO: [xilinx.com:ip:clk_wiz:6.0-1] /clk_wiz_0 clk_wiz propagate
Wrote  : <C:\Users\SimoGein\Desktop\DESD\VHDL_Project_Local\LAB3\project_3\project_3.srcs\sources_1\bd\design_1\design_1.bd> 
VHDL Output written to : c:/Users/SimoGein/Desktop/DESD/VHDL_Project_Local/LAB3/project_3/project_3.gen/sources_1/bd/design_1/synth/design_1.vhd
VHDL Output written to : c:/Users/SimoGein/Desktop/DESD/VHDL_Project_Local/LAB3/project_3/project_3.gen/sources_1/bd/design_1/sim/design_1.vhd
VHDL Output written to : c:/Users/SimoGein/Desktop/DESD/VHDL_Project_Local/LAB3/project_3/project_3.gen/sources_1/bd/design_1/hdl/design_1_wrapper.vhd
INFO: [BD 41-1029] Generation completed for the IP Integrator block mute_controller_0 .
INFO: [BD 41-1029] Generation completed for the IP Integrator block volume_controller_0 .
INFO: [BD 41-1029] Generation completed for the IP Integrator block mobile_mean_filter_0 .
Exporting to file c:/Users/SimoGein/Desktop/DESD/VHDL_Project_Local/LAB3/project_3/project_3.gen/sources_1/bd/design_1/hw_handoff/design_1.hwh
Generated Block Design Tcl file c:/Users/SimoGein/Desktop/DESD/VHDL_Project_Local/LAB3/project_3/project_3.gen/sources_1/bd/design_1/hw_handoff/design_1_bd.tcl
Generated Hardware Definition File c:/Users/SimoGein/Desktop/DESD/VHDL_Project_Local/LAB3/project_3/project_3.gen/sources_1/bd/design_1/synth/design_1.hwdef
[Sun May 23 11:07:51 2021] Launched design_1_mobile_mean_filter_0_0_synth_1, design_1_mute_controller_0_0_synth_1, design_1_volume_controller_0_0_synth_1, synth_1...
Run output will be captured here:
design_1_mobile_mean_filter_0_0_synth_1: C:/Users/SimoGein/Desktop/DESD/VHDL_Project_Local/LAB3/project_3/project_3.runs/design_1_mobile_mean_filter_0_0_synth_1/runme.log
design_1_mute_controller_0_0_synth_1: C:/Users/SimoGein/Desktop/DESD/VHDL_Project_Local/LAB3/project_3/project_3.runs/design_1_mute_controller_0_0_synth_1/runme.log
design_1_volume_controller_0_0_synth_1: C:/Users/SimoGein/Desktop/DESD/VHDL_Project_Local/LAB3/project_3/project_3.runs/design_1_volume_controller_0_0_synth_1/runme.log
synth_1: C:/Users/SimoGein/Desktop/DESD/VHDL_Project_Local/LAB3/project_3/project_3.runs/synth_1/runme.log
[Sun May 23 11:07:51 2021] Launched impl_1...
Run output will be captured here: C:/Users/SimoGein/Desktop/DESD/VHDL_Project_Local/LAB3/project_3/project_3.runs/impl_1/runme.log
launch_runs: Time (s): cpu = 00:00:08 ; elapsed = 00:00:34 . Memory (MB): peak = 1056.203 ; gain = 53.559
open_hw_manager
open_run impl_1
INFO: [Device 21-403] Loading part xc7a35tcpg236-1
Netlist sorting complete. Time (s): cpu = 00:00:00 ; elapsed = 00:00:00.047 . Memory (MB): peak = 1215.031 ; gain = 0.000
INFO: [Netlist 29-17] Analyzing 199 Unisim elements for replacement
INFO: [Netlist 29-28] Unisim Transformation completed in 0 CPU seconds
INFO: [Project 1-479] Netlist was created with Vivado 2020.2
INFO: [Project 1-570] Preparing netlist for logic optimization
INFO: [Timing 38-478] Restoring timing data from binary archive.
INFO: [Timing 38-479] Binary timing data restore complete.
INFO: [Project 1-856] Restoring constraints from binary archive.
INFO: [Project 1-853] Binary constraint restore complete.
Reading XDEF placement.
Reading placer database...
Reading XDEF routing.
Read XDEF File: Time (s): cpu = 00:00:01 ; elapsed = 00:00:00.421 . Memory (MB): peak = 1906.559 ; gain = 0.000
Restored from archive | CPU: 1.000000 secs | Memory: 0.000000 MB |
Finished XDEF File Restore: Time (s): cpu = 00:00:01 ; elapsed = 00:00:00.422 . Memory (MB): peak = 1906.559 ; gain = 0.000
Netlist sorting complete. Time (s): cpu = 00:00:00 ; elapsed = 00:00:00.002 . Memory (MB): peak = 1906.559 ; gain = 0.000
INFO: [Project 1-111] Unisim Transformation Summary:
No Unisim elements were transformed.

open_run: Time (s): cpu = 00:00:46 ; elapsed = 00:00:53 . Memory (MB): peak = 2008.289 ; gain = 925.199
open_report: Time (s): cpu = 00:00:09 ; elapsed = 00:00:09 . Memory (MB): peak = 2038.020 ; gain = 0.000
CRITICAL WARNING: [Timing 38-282] The design failed to meet the timing requirements. Please see the timing summary report for details on the timing violations.
WARNING: [Timing 38-436] There are set_bus_skew constraint(s) in this design. Please run report_bus_skew to ensure that bus skew requirements are met.
open_bd_design {C:/Users/SimoGein/Desktop/DESD/VHDL_Project_Local/LAB3/project_3/project_3.srcs/sources_1/bd/design_1/design_1.bd}
update_module_reference design_1_mute_controller_0_0
INFO: [IP_Flow 19-5107] Inferred bus interface 'm01_axis' of definition 'xilinx.com:interface:axis:1.0' (from Xilinx Repository).
INFO: [IP_Flow 19-5107] Inferred bus interface 's01_axis' of definition 'xilinx.com:interface:axis:1.0' (from Xilinx Repository).
INFO: [IP_Flow 19-5107] Inferred bus interface 'aresetn' of definition 'xilinx.com:signal:reset:1.0' (from Xilinx Repository).
INFO: [IP_Flow 19-5107] Inferred bus interface 'aclk' of definition 'xilinx.com:signal:clock:1.0' (from Xilinx Repository).
INFO: [IP_Flow 19-4728] Bus Interface 'aresetn': Added interface parameter 'POLARITY' with value 'ACTIVE_LOW'.
INFO: [IP_Flow 19-4728] Bus Interface 'aclk': Added interface parameter 'ASSOCIATED_BUSIF' with value 'm01_axis'.
INFO: [IP_Flow 19-4728] Bus Interface 'aclk': Added interface parameter 'ASSOCIATED_RESET' with value 'aresetn'.
INFO: [IP_Flow 19-234] Refreshing IP repositories
INFO: [IP_Flow 19-1700] Loaded user IP repository 'c:/Users/SimoGein/Desktop/DESD/VHDL_Project_Local/LAB3/project_3/lib'.
Upgrading 'C:/Users/SimoGein/Desktop/DESD/VHDL_Project_Local/LAB3/project_3/project_3.srcs/sources_1/bd/design_1/design_1.bd'
INFO: [IP_Flow 19-1972] Upgraded design_1_mute_controller_0_0 from mute_controller_v1_0 1.0 to mute_controller_v1_0 1.0
Wrote  : <C:\Users\SimoGein\Desktop\DESD\VHDL_Project_Local\LAB3\project_3\project_3.srcs\sources_1\bd\design_1\design_1.bd> 
Wrote  : <C:/Users/SimoGein/Desktop/DESD/VHDL_Project_Local/LAB3/project_3/project_3.srcs/sources_1/bd/design_1/ui/bd_1f5defd0.ui> 
update_module_reference: Time (s): cpu = 00:00:05 ; elapsed = 00:00:21 . Memory (MB): peak = 2142.254 ; gain = 30.531
update_module_reference design_1_volume_controller_0_0
INFO: [IP_Flow 19-5107] Inferred bus interface 'm02_axis' of definition 'xilinx.com:interface:axis:1.0' (from Xilinx Repository).
INFO: [IP_Flow 19-5107] Inferred bus interface 's02_axis' of definition 'xilinx.com:interface:axis:1.0' (from Xilinx Repository).
INFO: [IP_Flow 19-5107] Inferred bus interface 'aresetn' of definition 'xilinx.com:signal:reset:1.0' (from Xilinx Repository).
INFO: [IP_Flow 19-5107] Inferred bus interface 'aclk' of definition 'xilinx.com:signal:clock:1.0' (from Xilinx Repository).
INFO: [IP_Flow 19-4728] Bus Interface 'aresetn': Added interface parameter 'POLARITY' with value 'ACTIVE_LOW'.
INFO: [IP_Flow 19-4728] Bus Interface 'aclk': Added interface parameter 'ASSOCIATED_BUSIF' with value 'm02_axis'.
INFO: [IP_Flow 19-4728] Bus Interface 'aclk': Added interface parameter 'ASSOCIATED_RESET' with value 'aresetn'.
INFO: [IP_Flow 19-234] Refreshing IP repositories
INFO: [IP_Flow 19-1700] Loaded user IP repository 'c:/Users/SimoGein/Desktop/DESD/VHDL_Project_Local/LAB3/project_3/lib'.
Upgrading 'C:/Users/SimoGein/Desktop/DESD/VHDL_Project_Local/LAB3/project_3/project_3.srcs/sources_1/bd/design_1/design_1.bd'
INFO: [IP_Flow 19-1972] Upgraded design_1_volume_controller_0_0 from volume_controller_v1_0 1.0 to volume_controller_v1_0 1.0
Wrote  : <C:\Users\SimoGein\Desktop\DESD\VHDL_Project_Local\LAB3\project_3\project_3.srcs\sources_1\bd\design_1\design_1.bd> 
Wrote  : <C:/Users/SimoGein/Desktop/DESD/VHDL_Project_Local/LAB3/project_3/project_3.srcs/sources_1/bd/design_1/ui/bd_1f5defd0.ui> 
update_module_reference: Time (s): cpu = 00:00:02 ; elapsed = 00:00:16 . Memory (MB): peak = 2146.125 ; gain = 3.871
update_module_reference design_1_mobile_mean_filter_0_0
INFO: [IP_Flow 19-5107] Inferred bus interface 'm03_axis' of definition 'xilinx.com:interface:axis:1.0' (from Xilinx Repository).
INFO: [IP_Flow 19-5107] Inferred bus interface 's03_axis' of definition 'xilinx.com:interface:axis:1.0' (from Xilinx Repository).
INFO: [IP_Flow 19-5107] Inferred bus interface 'aresetn' of definition 'xilinx.com:signal:reset:1.0' (from Xilinx Repository).
INFO: [IP_Flow 19-5107] Inferred bus interface 'aclk' of definition 'xilinx.com:signal:clock:1.0' (from Xilinx Repository).
INFO: [IP_Flow 19-4728] Bus Interface 'aresetn': Added interface parameter 'POLARITY' with value 'ACTIVE_LOW'.
INFO: [IP_Flow 19-4728] Bus Interface 'aclk': Added interface parameter 'ASSOCIATED_BUSIF' with value 'm03_axis'.
INFO: [IP_Flow 19-4728] Bus Interface 'aclk': Added interface parameter 'ASSOCIATED_RESET' with value 'aresetn'.
INFO: [IP_Flow 19-234] Refreshing IP repositories
INFO: [IP_Flow 19-1700] Loaded user IP repository 'c:/Users/SimoGein/Desktop/DESD/VHDL_Project_Local/LAB3/project_3/lib'.
Upgrading 'C:/Users/SimoGein/Desktop/DESD/VHDL_Project_Local/LAB3/project_3/project_3.srcs/sources_1/bd/design_1/design_1.bd'
INFO: [IP_Flow 19-1972] Upgraded design_1_mobile_mean_filter_0_0 from mobile_mean_filter_v1_0 1.0 to mobile_mean_filter_v1_0 1.0
Wrote  : <C:\Users\SimoGein\Desktop\DESD\VHDL_Project_Local\LAB3\project_3\project_3.srcs\sources_1\bd\design_1\design_1.bd> 
Wrote  : <C:/Users/SimoGein/Desktop/DESD/VHDL_Project_Local/LAB3/project_3/project_3.srcs/sources_1/bd/design_1/ui/bd_1f5defd0.ui> 
update_module_reference: Time (s): cpu = 00:00:02 ; elapsed = 00:00:13 . Memory (MB): peak = 2146.125 ; gain = 0.000
reset_run synth_1
launch_runs impl_1 -to_step write_bitstream -jobs 2
INFO: [xilinx.com:ip:clk_wiz:6.0-1] /clk_wiz_0 clk_wiz propagate
Wrote  : <C:\Users\SimoGein\Desktop\DESD\VHDL_Project_Local\LAB3\project_3\project_3.srcs\sources_1\bd\design_1\design_1.bd> 
VHDL Output written to : c:/Users/SimoGein/Desktop/DESD/VHDL_Project_Local/LAB3/project_3/project_3.gen/sources_1/bd/design_1/synth/design_1.vhd
VHDL Output written to : c:/Users/SimoGein/Desktop/DESD/VHDL_Project_Local/LAB3/project_3/project_3.gen/sources_1/bd/design_1/sim/design_1.vhd
VHDL Output written to : c:/Users/SimoGein/Desktop/DESD/VHDL_Project_Local/LAB3/project_3/project_3.gen/sources_1/bd/design_1/hdl/design_1_wrapper.vhd
INFO: [BD 41-1029] Generation completed for the IP Integrator block mute_controller_0 .
INFO: [BD 41-1029] Generation completed for the IP Integrator block volume_controller_0 .
INFO: [BD 41-1029] Generation completed for the IP Integrator block mobile_mean_filter_0 .
Exporting to file c:/Users/SimoGein/Desktop/DESD/VHDL_Project_Local/LAB3/project_3/project_3.gen/sources_1/bd/design_1/hw_handoff/design_1.hwh
Generated Block Design Tcl file c:/Users/SimoGein/Desktop/DESD/VHDL_Project_Local/LAB3/project_3/project_3.gen/sources_1/bd/design_1/hw_handoff/design_1_bd.tcl
Generated Hardware Definition File c:/Users/SimoGein/Desktop/DESD/VHDL_Project_Local/LAB3/project_3/project_3.gen/sources_1/bd/design_1/synth/design_1.hwdef
[Sun May 23 18:45:07 2021] Launched design_1_mobile_mean_filter_0_0_synth_1, design_1_mute_controller_0_0_synth_1, design_1_volume_controller_0_0_synth_1, synth_1...
Run output will be captured here:
design_1_mobile_mean_filter_0_0_synth_1: C:/Users/SimoGein/Desktop/DESD/VHDL_Project_Local/LAB3/project_3/project_3.runs/design_1_mobile_mean_filter_0_0_synth_1/runme.log
design_1_mute_controller_0_0_synth_1: C:/Users/SimoGein/Desktop/DESD/VHDL_Project_Local/LAB3/project_3/project_3.runs/design_1_mute_controller_0_0_synth_1/runme.log
design_1_volume_controller_0_0_synth_1: C:/Users/SimoGein/Desktop/DESD/VHDL_Project_Local/LAB3/project_3/project_3.runs/design_1_volume_controller_0_0_synth_1/runme.log
synth_1: C:/Users/SimoGein/Desktop/DESD/VHDL_Project_Local/LAB3/project_3/project_3.runs/synth_1/runme.log
[Sun May 23 18:45:07 2021] Launched impl_1...
Run output will be captured here: C:/Users/SimoGein/Desktop/DESD/VHDL_Project_Local/LAB3/project_3/project_3.runs/impl_1/runme.log
launch_runs: Time (s): cpu = 00:00:04 ; elapsed = 00:00:33 . Memory (MB): peak = 2146.125 ; gain = 0.000
create_ip_run [get_files -of_objects [get_fileset sources_1] C:/Users/SimoGein/Desktop/DESD/VHDL_Project_Local/LAB3/project_3/project_3.srcs/sources_1/bd/design_1/design_1.bd]
refresh_design
Netlist sorting complete. Time (s): cpu = 00:00:00 ; elapsed = 00:00:00.040 . Memory (MB): peak = 2206.891 ; gain = 0.000
INFO: [Netlist 29-17] Analyzing 199 Unisim elements for replacement
INFO: [Netlist 29-28] Unisim Transformation completed in 0 CPU seconds
INFO: [Project 1-479] Netlist was created with Vivado 2020.2
INFO: [Project 1-570] Preparing netlist for logic optimization
INFO: [Timing 38-478] Restoring timing data from binary archive.
INFO: [Timing 38-479] Binary timing data restore complete.
INFO: [Project 1-856] Restoring constraints from binary archive.
INFO: [Project 1-853] Binary constraint restore complete.
Reading XDEF placement.
Reading placer database...
Reading XDEF routing.
Read XDEF File: Time (s): cpu = 00:00:00 ; elapsed = 00:00:00.839 . Memory (MB): peak = 2206.891 ; gain = 0.000
Restored from archive | CPU: 0.000000 secs | Memory: 0.000000 MB |
Finished XDEF File Restore: Time (s): cpu = 00:00:00 ; elapsed = 00:00:00.842 . Memory (MB): peak = 2206.891 ; gain = 0.000
refresh_design: Time (s): cpu = 00:00:28 ; elapsed = 00:00:19 . Memory (MB): peak = 2369.945 ; gain = 181.008
CRITICAL WARNING: [Timing 38-282] The design failed to meet the timing requirements. Please see the timing summary report for details on the timing violations.
WARNING: [Timing 38-436] There are set_bus_skew constraint(s) in this design. Please run report_bus_skew to ensure that bus skew requirements are met.
connect_hw_server -allow_non_jtag
INFO: [Labtools 27-2285] Connecting to hw_server url TCP:localhost:3121
INFO: [Labtools 27-2222] Launching hw_server...
INFO: [Labtools 27-2221] Launch Output:

****** Xilinx hw_server v2020.2
  **** Build date : Nov 18 2020 at 10:01:48
    ** Copyright 1986-2020 Xilinx, Inc. All Rights Reserved.


INFO: [Labtools 27-3415] Connecting to cs_server url TCP:localhost:3042
INFO: [Labtools 27-3417] Launching cs_server...
INFO: [Labtools 27-2221] Launch Output:


******** Xilinx cs_server v2020.2
  ****** Build date   : Nov 03 2020-22:02:56
    **** Build number : 2020.2.1604437376
      ** Copyright 2017-2020 Xilinx, Inc. All Rights Reserved.



connect_hw_server: Time (s): cpu = 00:00:01 ; elapsed = 00:00:19 . Memory (MB): peak = 2492.523 ; gain = 2.793
open_hw_target
INFO: [Labtoolstcl 44-466] Opening hw_target localhost:3121/xilinx_tcf/Digilent/210183AB3C8FA
open_hw_target: Time (s): cpu = 00:00:12 ; elapsed = 00:00:28 . Memory (MB): peak = 4032.375 ; gain = 1539.852
set_property PROGRAM.FILE {C:\Users\SimoGein\Desktop\DESD\VHDL_Project_Local\LAB3\LAB3_daw.bit} [get_hw_devices xc7a35t_0]
current_hw_device [get_hw_devices xc7a35t_0]
refresh_hw_device -update_hw_probes false [lindex [get_hw_devices xc7a35t_0] 0]
INFO: [Labtools 27-1435] Device xc7a35t (JTAG device index = 0) is not programmed (DONE status = 0).
set_property PROBES.FILE {} [get_hw_devices xc7a35t_0]
set_property FULL_PROBES.FILE {} [get_hw_devices xc7a35t_0]
set_property PROGRAM.FILE {C:/Users/SimoGein/Desktop/DESD/VHDL_Project_Local/LAB3/LAB3_daw.bit} [get_hw_devices xc7a35t_0]
program_hw_devices [get_hw_devices xc7a35t_0]
INFO: [Labtools 27-3164] End of startup status: HIGH
refresh_hw_device [lindex [get_hw_devices xc7a35t_0] 0]
INFO: [Labtools 27-1434] Device xc7a35t (JTAG device index = 0) is programmed with a design that has no supported debug core(s) in it.
exit
INFO: [Common 17-206] Exiting Vivado at Sun May 23 20:16:41 2021...
