#-----------------------------------------------------------
# Vivado v2020.2 (64-bit)
# SW Build 3064766 on Wed Nov 18 09:12:45 MST 2020
# IP Build 3064653 on Wed Nov 18 14:17:31 MST 2020
# Start of session at: Fri May 28 17:25:22 2021
# Process ID: 4388
# Current directory: D:/Documenti/LEZIONI/Digital Electronic System Design/Project/DAW
# Command line: vivado.exe -gui_launcher_event rodinguilauncherevent7628 D:\Documenti\LEZIONI\Digital Electronic System Design\Project\DAW\DAW.xpr
# Log file: D:/Documenti/LEZIONI/Digital Electronic System Design/Project/DAW/vivado.log
# Journal file: D:/Documenti/LEZIONI/Digital Electronic System Design/Project/DAW\vivado.jou
#-----------------------------------------------------------
start_gui
open_project {D:/Documenti/LEZIONI/Digital Electronic System Design/Project/DAW/DAW.xpr}
Scanning sources...
Finished scanning sources
INFO: [IP_Flow 19-234] Refreshing IP repositories
INFO: [IP_Flow 19-1700] Loaded user IP repository 'd:/Xilinx/Vivado/IPs'.
INFO: [IP_Flow 19-2313] Loaded Vivado IP repository 'D:/Xilinx/Vivado/2020.2/data/ip'.
ERROR: [Vivado 12-106] *** Exception: java.lang.NullPointerException (See D:/Documenti/LEZIONI/Digital Electronic System Design/Project/DAW/vivado_pid4388.debug)
open_project: Time (s): cpu = 00:00:20 ; elapsed = 00:00:17 . Memory (MB): peak = 1092.047 ; gain = 0.000
ERROR: [Common 17-39] 'open_project' failed due to earlier errors.
exit
INFO: [Common 17-206] Exiting Vivado at Fri May 28 17:26:23 2021...
