#-----------------------------------------------------------
# Vivado v2020.2 (64-bit)
# SW Build 3064766 on Wed Nov 18 09:12:45 MST 2020
# IP Build 3064653 on Wed Nov 18 14:17:31 MST 2020
# Start of session at: Tue May 18 14:44:10 2021
# Process ID: 2224
# Current directory: D:/Documenti/LEZIONI/Digital Electronic System Design/Project/DAW
# Command line: vivado.exe -gui_launcher_event rodinguilauncherevent8528 D:\Documenti\LEZIONI\Digital Electronic System Design\Project\DAW\DAW.xpr
# Log file: D:/Documenti/LEZIONI/Digital Electronic System Design/Project/DAW/vivado.log
# Journal file: D:/Documenti/LEZIONI/Digital Electronic System Design/Project/DAW\vivado.jou
#-----------------------------------------------------------
start_gui
open_project {D:/Documenti/LEZIONI/Digital Electronic System Design/Project/DAW/DAW.xpr}
Scanning sources...
Finished scanning sources
INFO: [IP_Flow 19-234] Refreshing IP repositories
INFO: [IP_Flow 19-1700] Loaded user IP repository 'd:/Xilinx/Vivado/IPs'.
INFO: [IP_Flow 19-2313] Loaded Vivado IP repository 'D:/Xilinx/Vivado/2020.2/data/ip'.
open_project: Time (s): cpu = 00:00:26 ; elapsed = 00:00:11 . Memory (MB): peak = 1114.246 ; gain = 0.000
INFO: [IP_Flow 19-5107] Inferred bus interface 'm_axis' of definition 'xilinx.com:interface:axis:1.0' (from Xilinx Repository).
INFO: [IP_Flow 19-5107] Inferred bus interface 's_axis' of definition 'xilinx.com:interface:axis:1.0' (from Xilinx Repository).
INFO: [IP_Flow 19-5107] Inferred bus interface 'aresetn' of definition 'xilinx.com:signal:reset:1.0' (from Xilinx Repository).
INFO: [IP_Flow 19-5107] Inferred bus interface 'aclk' of definition 'xilinx.com:signal:clock:1.0' (from Xilinx Repository).
INFO: [IP_Flow 19-4728] Bus Interface 'aresetn': Added interface parameter 'POLARITY' with value 'ACTIVE_LOW'.
INFO: [IP_Flow 19-4728] Bus Interface 'aclk': Added interface parameter 'ASSOCIATED_BUSIF' with value 'm_axis'.
INFO: [IP_Flow 19-4728] Bus Interface 'aclk': Added interface parameter 'ASSOCIATED_RESET' with value 'aresetn'.
INFO: [IP_Flow 19-234] Refreshing IP repositories
INFO: [IP_Flow 19-1700] Loaded user IP repository 'd:/Xilinx/Vivado/IPs'.
update_compile_order -fileset sources_1
open_bd_design {D:/Documenti/LEZIONI/Digital Electronic System Design/Project/DAW/DAW.srcs/sources_1/bd/bd_DAW/bd_DAW.bd}
Reading block design file <D:/Documenti/LEZIONI/Digital Electronic System Design/Project/DAW/DAW.srcs/sources_1/bd/bd_DAW/bd_DAW.bd>...
Adding component instance block -- xilinx.com:ip:clk_wiz:6.0 - clk_wiz_0
Adding component instance block -- xilinx.com:ip:proc_sys_reset:5.0 - proc_sys_reset_0
Adding component instance block -- xilinx.com:ip:proc_sys_reset:5.0 - proc_sys_reset_1
Adding component instance block -- DigiLAB:ip:AXI4Stream_UART:1.1 - AXI4Stream_UART_0
Adding component instance block -- xilinx.com:module_ref:mute_controller:1.0 - mute_controller_0
Adding component instance block -- xilinx.com:module_ref:packetizer:1.0 - packetizer_0
Adding component instance block -- xilinx.com:module_ref:depacketizer:1.0 - depacketizer_0
Successfully read diagram <bd_DAW> from block design file <D:/Documenti/LEZIONI/Digital Electronic System Design/Project/DAW/DAW.srcs/sources_1/bd/bd_DAW/bd_DAW.bd>
open_bd_design: Time (s): cpu = 00:00:16 ; elapsed = 00:00:13 . Memory (MB): peak = 1114.246 ; gain = 0.000
create_bd_port -dir I btnU
create_bd_port -dir I btnD
startgroup
create_bd_cell -type module -reference edge_detector edge_detector_0
INFO: [IP_Flow 19-5107] Inferred bus interface 'reset' of definition 'xilinx.com:signal:reset:1.0' (from Xilinx Repository).
INFO: [IP_Flow 19-5107] Inferred bus interface 'clk' of definition 'xilinx.com:signal:clock:1.0' (from Xilinx Repository).
INFO: [IP_Flow 19-4728] Bus Interface 'clk': Added interface parameter 'ASSOCIATED_RESET' with value 'reset'.
WARNING: [IP_Flow 19-5661] Bus Interface 'clk' does not have any bus interfaces associated with it.
INFO: [IP_Flow 19-234] Refreshing IP repositories
INFO: [IP_Flow 19-1700] Loaded user IP repository 'd:/Xilinx/Vivado/IPs'.
create_bd_cell -type module -reference debouncer debouncer_0
INFO: [IP_Flow 19-5107] Inferred bus interface 'reset' of definition 'xilinx.com:signal:reset:1.0' (from Xilinx Repository).
INFO: [IP_Flow 19-5107] Inferred bus interface 'clk' of definition 'xilinx.com:signal:clock:1.0' (from Xilinx Repository).
INFO: [IP_Flow 19-4728] Bus Interface 'clk': Added interface parameter 'ASSOCIATED_RESET' with value 'reset'.
WARNING: [IP_Flow 19-5661] Bus Interface 'clk' does not have any bus interfaces associated with it.
INFO: [IP_Flow 19-234] Refreshing IP repositories
INFO: [IP_Flow 19-1700] Loaded user IP repository 'd:/Xilinx/Vivado/IPs'.
create_bd_cell: Time (s): cpu = 00:00:01 ; elapsed = 00:00:07 . Memory (MB): peak = 1145.301 ; gain = 0.508
endgroup
set_property location {3 756 -187} [get_bd_cells edge_detector_0]
startgroup
create_bd_cell -type module -reference edge_detector edge_detector_1
create_bd_cell -type module -reference debouncer debouncer_1
create_bd_cell: Time (s): cpu = 00:00:01 ; elapsed = 00:00:05 . Memory (MB): peak = 1147.219 ; gain = 0.000
endgroup
set_property location {3 789 -44} [get_bd_cells edge_detector_1]
set_property location {2 465 -197} [get_bd_cells debouncer_0]
connect_bd_net [get_bd_pins debouncer_0/debounced] [get_bd_pins edge_detector_0/input_signal]
connect_bd_net [get_bd_pins debouncer_1/debounced] [get_bd_pins edge_detector_1/input_signal]
connect_bd_net [get_bd_pins debouncer_1/reset] [get_bd_pins edge_detector_1/reset]
connect_bd_net [get_bd_pins debouncer_1/reset] [get_bd_pins debouncer_0/reset]
connect_bd_net [get_bd_pins debouncer_0/reset] [get_bd_pins edge_detector_0/reset]
connect_bd_net [get_bd_pins debouncer_1/reset] [get_bd_pins proc_sys_reset_0/peripheral_reset]
startgroup
apply_bd_automation -rule xilinx.com:bd_rule:clkrst -config { Clk {/clk_wiz_0/clk_out1 (100 MHz)} Freq {100} Ref_Clk0 {} Ref_Clk1 {} Ref_Clk2 {}}  [get_bd_pins debouncer_0/clk]
apply_bd_automation -rule xilinx.com:bd_rule:clkrst -config { Clk {/clk_wiz_0/clk_out1 (100 MHz)} Freq {100} Ref_Clk0 {} Ref_Clk1 {} Ref_Clk2 {}}  [get_bd_pins debouncer_1/clk]
apply_bd_automation -rule xilinx.com:bd_rule:clkrst -config { Clk {/clk_wiz_0/clk_out1 (100 MHz)} Freq {100} Ref_Clk0 {} Ref_Clk1 {} Ref_Clk2 {}}  [get_bd_pins edge_detector_0/clk]
apply_bd_automation -rule xilinx.com:bd_rule:clkrst -config { Clk {/clk_wiz_0/clk_out1 (100 MHz)} Freq {100} Ref_Clk0 {} Ref_Clk1 {} Ref_Clk2 {}}  [get_bd_pins edge_detector_1/clk]
endgroup
regenerate_bd_layout
connect_bd_net [get_bd_ports btnU] [get_bd_pins debouncer_0/input_signal]
connect_bd_net [get_bd_ports btnD] [get_bd_pins debouncer_1/input_signal]
regenerate_bd_layout
create_bd_cell -type module -reference volume_controller volume_controller_0
INFO: [IP_Flow 19-5107] Inferred bus interface 'm_axis' of definition 'xilinx.com:interface:axis:1.0' (from Xilinx Repository).
INFO: [IP_Flow 19-5107] Inferred bus interface 's_axis' of definition 'xilinx.com:interface:axis:1.0' (from Xilinx Repository).
INFO: [IP_Flow 19-5107] Inferred bus interface 'aresetn' of definition 'xilinx.com:signal:reset:1.0' (from Xilinx Repository).
INFO: [IP_Flow 19-5107] Inferred bus interface 'aclk' of definition 'xilinx.com:signal:clock:1.0' (from Xilinx Repository).
INFO: [IP_Flow 19-4728] Bus Interface 'aresetn': Added interface parameter 'POLARITY' with value 'ACTIVE_LOW'.
INFO: [IP_Flow 19-4728] Bus Interface 'aclk': Added interface parameter 'ASSOCIATED_BUSIF' with value 'm_axis'.
INFO: [IP_Flow 19-4728] Bus Interface 'aclk': Added interface parameter 'ASSOCIATED_RESET' with value 'aresetn'.
INFO: [IP_Flow 19-234] Refreshing IP repositories
INFO: [IP_Flow 19-1700] Loaded user IP repository 'd:/Xilinx/Vivado/IPs'.
connect_bd_net [get_bd_pins proc_sys_reset_0/peripheral_aresetn] [get_bd_pins volume_controller_0/aresetn]
connect_bd_net [get_bd_pins volume_controller_0/aclk] [get_bd_pins clk_wiz_0/clk_out1]
delete_bd_objs [get_bd_intf_nets depacketizer_0_m_axis]
connect_bd_intf_net [get_bd_intf_pins depacketizer_0/m_axis] [get_bd_intf_pins volume_controller_0/s_axis]
connect_bd_intf_net [get_bd_intf_pins volume_controller_0/m_axis] [get_bd_intf_pins mute_controller_0/s_axis]
connect_bd_net [get_bd_pins edge_detector_1/edge_detected] [get_bd_pins volume_controller_0/volume_down]
connect_bd_net [get_bd_pins edge_detector_0/edge_detected] [get_bd_pins volume_controller_0/volume_up]
create_bd_port -dir I -from 15 -to 0 led
set_property location {1924 191} [get_bd_ports btnD]
undo
INFO: [Common 17-17] undo 'set_property location {1924 191} [get_bd_ports btnD]'
delete_bd_objs [get_bd_ports led]
create_bd_port -dir O -from 15 -to 0 led
startgroup
connect_bd_net [get_bd_ports led] [get_bd_pins volume_controller_0/volume_level]
endgroup
regenerate_bd_layout
regenerate_bd_layout
make_wrapper -files [get_files {{D:/Documenti/LEZIONI/Digital Electronic System Design/Project/DAW/DAW.srcs/sources_1/bd/bd_DAW/bd_DAW.bd}}] -top
INFO: [xilinx.com:ip:clk_wiz:6.0-1] /clk_wiz_0 clk_wiz propagate
Wrote  : <D:\Documenti\LEZIONI\Digital Electronic System Design\Project\DAW\DAW.srcs\sources_1\bd\bd_DAW\bd_DAW.bd> 
Wrote  : <D:/Documenti/LEZIONI/Digital Electronic System Design/Project/DAW/DAW.srcs/sources_1/bd/bd_DAW/ui/bd_560dd93d.ui> 
VHDL Output written to : d:/Documenti/LEZIONI/Digital Electronic System Design/Project/DAW/DAW.gen/sources_1/bd/bd_DAW/synth/bd_DAW.vhd
VHDL Output written to : d:/Documenti/LEZIONI/Digital Electronic System Design/Project/DAW/DAW.gen/sources_1/bd/bd_DAW/sim/bd_DAW.vhd
VHDL Output written to : d:/Documenti/LEZIONI/Digital Electronic System Design/Project/DAW/DAW.gen/sources_1/bd/bd_DAW/hdl/bd_DAW_wrapper.vhd
update_compile_order -fileset sources_1
update_module_reference bd_DAW_volume_controller_0_0
INFO: [IP_Flow 19-5107] Inferred bus interface 'm_axis' of definition 'xilinx.com:interface:axis:1.0' (from Xilinx Repository).
INFO: [IP_Flow 19-5107] Inferred bus interface 's_axis' of definition 'xilinx.com:interface:axis:1.0' (from Xilinx Repository).
INFO: [IP_Flow 19-5107] Inferred bus interface 'aresetn' of definition 'xilinx.com:signal:reset:1.0' (from Xilinx Repository).
INFO: [IP_Flow 19-5107] Inferred bus interface 'aclk' of definition 'xilinx.com:signal:clock:1.0' (from Xilinx Repository).
INFO: [IP_Flow 19-4728] Bus Interface 'aresetn': Added interface parameter 'POLARITY' with value 'ACTIVE_LOW'.
INFO: [IP_Flow 19-4728] Bus Interface 'aclk': Added interface parameter 'ASSOCIATED_BUSIF' with value 'm_axis'.
INFO: [IP_Flow 19-4728] Bus Interface 'aclk': Added interface parameter 'ASSOCIATED_RESET' with value 'aresetn'.
INFO: [IP_Flow 19-234] Refreshing IP repositories
INFO: [IP_Flow 19-1700] Loaded user IP repository 'd:/Xilinx/Vivado/IPs'.
Upgrading 'D:/Documenti/LEZIONI/Digital Electronic System Design/Project/DAW/DAW.srcs/sources_1/bd/bd_DAW/bd_DAW.bd'
INFO: [IP_Flow 19-1972] Upgraded bd_DAW_volume_controller_0_0 from volume_controller_v1_0 1.0 to volume_controller_v1_0 1.0
Wrote  : <D:\Documenti\LEZIONI\Digital Electronic System Design\Project\DAW\DAW.srcs\sources_1\bd\bd_DAW\bd_DAW.bd> 
Wrote  : <D:/Documenti/LEZIONI/Digital Electronic System Design/Project/DAW/DAW.srcs/sources_1/bd/bd_DAW/ui/bd_560dd93d.ui> 
update_module_reference: Time (s): cpu = 00:00:02 ; elapsed = 00:00:16 . Memory (MB): peak = 1338.445 ; gain = 6.938
reset_run synth_1
launch_runs impl_1 -to_step write_bitstream -jobs 2
INFO: [xilinx.com:ip:clk_wiz:6.0-1] /clk_wiz_0 clk_wiz propagate
Wrote  : <D:\Documenti\LEZIONI\Digital Electronic System Design\Project\DAW\DAW.srcs\sources_1\bd\bd_DAW\bd_DAW.bd> 
VHDL Output written to : d:/Documenti/LEZIONI/Digital Electronic System Design/Project/DAW/DAW.gen/sources_1/bd/bd_DAW/synth/bd_DAW.vhd
VHDL Output written to : d:/Documenti/LEZIONI/Digital Electronic System Design/Project/DAW/DAW.gen/sources_1/bd/bd_DAW/sim/bd_DAW.vhd
VHDL Output written to : d:/Documenti/LEZIONI/Digital Electronic System Design/Project/DAW/DAW.gen/sources_1/bd/bd_DAW/hdl/bd_DAW_wrapper.vhd
INFO: [BD 41-1029] Generation completed for the IP Integrator block edge_detector_0 .
INFO: [BD 41-1029] Generation completed for the IP Integrator block debouncer_0 .
INFO: [BD 41-1029] Generation completed for the IP Integrator block edge_detector_1 .
INFO: [BD 41-1029] Generation completed for the IP Integrator block debouncer_1 .
INFO: [BD 41-1029] Generation completed for the IP Integrator block volume_controller_0 .
Exporting to file d:/Documenti/LEZIONI/Digital Electronic System Design/Project/DAW/DAW.gen/sources_1/bd/bd_DAW/hw_handoff/bd_DAW.hwh
Generated Block Design Tcl file d:/Documenti/LEZIONI/Digital Electronic System Design/Project/DAW/DAW.gen/sources_1/bd/bd_DAW/hw_handoff/bd_DAW_bd.tcl
Generated Hardware Definition File d:/Documenti/LEZIONI/Digital Electronic System Design/Project/DAW/DAW.gen/sources_1/bd/bd_DAW/synth/bd_DAW.hwdef
[Tue May 18 15:09:39 2021] Launched bd_DAW_edge_detector_0_0_synth_1, bd_DAW_debouncer_0_0_synth_1, bd_DAW_edge_detector_1_0_synth_1, bd_DAW_debouncer_1_0_synth_1, bd_DAW_volume_controller_0_0_synth_1, synth_1...
Run output will be captured here:
bd_DAW_edge_detector_0_0_synth_1: D:/Documenti/LEZIONI/Digital Electronic System Design/Project/DAW/DAW.runs/bd_DAW_edge_detector_0_0_synth_1/runme.log
bd_DAW_debouncer_0_0_synth_1: D:/Documenti/LEZIONI/Digital Electronic System Design/Project/DAW/DAW.runs/bd_DAW_debouncer_0_0_synth_1/runme.log
bd_DAW_edge_detector_1_0_synth_1: D:/Documenti/LEZIONI/Digital Electronic System Design/Project/DAW/DAW.runs/bd_DAW_edge_detector_1_0_synth_1/runme.log
bd_DAW_debouncer_1_0_synth_1: D:/Documenti/LEZIONI/Digital Electronic System Design/Project/DAW/DAW.runs/bd_DAW_debouncer_1_0_synth_1/runme.log
bd_DAW_volume_controller_0_0_synth_1: D:/Documenti/LEZIONI/Digital Electronic System Design/Project/DAW/DAW.runs/bd_DAW_volume_controller_0_0_synth_1/runme.log
synth_1: D:/Documenti/LEZIONI/Digital Electronic System Design/Project/DAW/DAW.runs/synth_1/runme.log
[Tue May 18 15:09:39 2021] Launched impl_1...
Run output will be captured here: D:/Documenti/LEZIONI/Digital Electronic System Design/Project/DAW/DAW.runs/impl_1/runme.log
launch_runs: Time (s): cpu = 00:00:06 ; elapsed = 00:00:24 . Memory (MB): peak = 1339.305 ; gain = 0.859
open_hw_manager
connect_hw_server -allow_non_jtag
INFO: [Labtools 27-2285] Connecting to hw_server url TCP:localhost:3121
INFO: [Labtools 27-2222] Launching hw_server...
INFO: [Labtools 27-2221] Launch Output:

****** Xilinx hw_server v2020.2
  **** Build date : Nov 18 2020 at 10:01:48
    ** Copyright 1986-2020 Xilinx, Inc. All Rights Reserved.


INFO: [Labtools 27-3415] Connecting to cs_server url TCP:localhost:3042
INFO: [Labtools 27-3417] Launching cs_server...
INFO: [Labtools 27-2221] Launch Output:


******** Xilinx cs_server v2020.2
  ****** Build date   : Nov 03 2020-22:02:56
    **** Build number : 2020.2.1604437376
      ** Copyright 2017-2020 Xilinx, Inc. All Rights Reserved.



connect_hw_server: Time (s): cpu = 00:00:01 ; elapsed = 00:00:14 . Memory (MB): peak = 1372.133 ; gain = 14.754
open_hw_target
INFO: [Labtoolstcl 44-466] Opening hw_target localhost:3121/xilinx_tcf/Digilent/210183ACAD8EA
open_hw_target: Time (s): cpu = 00:00:09 ; elapsed = 00:00:08 . Memory (MB): peak = 2929.172 ; gain = 1557.059
set_property PROGRAM.FILE {D:/Documenti/LEZIONI/Digital Electronic System Design/Project/DAW/DAW.runs/impl_1/bd_DAW_wrapper.bit} [get_hw_devices xc7a35t_0]
current_hw_device [get_hw_devices xc7a35t_0]
refresh_hw_device -update_hw_probes false [lindex [get_hw_devices xc7a35t_0] 0]
INFO: [Labtools 27-1435] Device xc7a35t (JTAG device index = 0) is not programmed (DONE status = 0).
set_property PROBES.FILE {} [get_hw_devices xc7a35t_0]
set_property FULL_PROBES.FILE {} [get_hw_devices xc7a35t_0]
set_property PROGRAM.FILE {D:/Documenti/LEZIONI/Digital Electronic System Design/Project/DAW/DAW.runs/impl_1/bd_DAW_wrapper.bit} [get_hw_devices xc7a35t_0]
program_hw_devices [get_hw_devices xc7a35t_0]
INFO: [Labtools 27-3164] End of startup status: HIGH
refresh_hw_device [lindex [get_hw_devices xc7a35t_0] 0]
INFO: [Labtools 27-1434] Device xc7a35t (JTAG device index = 0) is programmed with a design that has no supported debug core(s) in it.
reset_run synth_1
launch_runs impl_1 -to_step write_bitstream -jobs 2
[Tue May 18 15:20:05 2021] Launched synth_1...
Run output will be captured here: D:/Documenti/LEZIONI/Digital Electronic System Design/Project/DAW/DAW.runs/synth_1/runme.log
[Tue May 18 15:20:05 2021] Launched impl_1...
Run output will be captured here: D:/Documenti/LEZIONI/Digital Electronic System Design/Project/DAW/DAW.runs/impl_1/runme.log
launch_runs: Time (s): cpu = 00:00:01 ; elapsed = 00:00:23 . Memory (MB): peak = 2957.488 ; gain = 0.000
update_module_reference bd_DAW_volume_controller_0_0
INFO: [IP_Flow 19-5107] Inferred bus interface 'm_axis' of definition 'xilinx.com:interface:axis:1.0' (from Xilinx Repository).
INFO: [IP_Flow 19-5107] Inferred bus interface 's_axis' of definition 'xilinx.com:interface:axis:1.0' (from Xilinx Repository).
INFO: [IP_Flow 19-5107] Inferred bus interface 'aresetn' of definition 'xilinx.com:signal:reset:1.0' (from Xilinx Repository).
INFO: [IP_Flow 19-5107] Inferred bus interface 'aclk' of definition 'xilinx.com:signal:clock:1.0' (from Xilinx Repository).
INFO: [IP_Flow 19-4728] Bus Interface 'aresetn': Added interface parameter 'POLARITY' with value 'ACTIVE_LOW'.
INFO: [IP_Flow 19-4728] Bus Interface 'aclk': Added interface parameter 'ASSOCIATED_BUSIF' with value 'm_axis'.
INFO: [IP_Flow 19-4728] Bus Interface 'aclk': Added interface parameter 'ASSOCIATED_RESET' with value 'aresetn'.
INFO: [IP_Flow 19-234] Refreshing IP repositories
INFO: [IP_Flow 19-1700] Loaded user IP repository 'd:/Xilinx/Vivado/IPs'.
Upgrading 'D:/Documenti/LEZIONI/Digital Electronic System Design/Project/DAW/DAW.srcs/sources_1/bd/bd_DAW/bd_DAW.bd'
WARNING: [Vivado 12-1017] Problems encountered:
1. Failed to delete one or more files in run directory D:/Documenti/LEZIONI/Digital Electronic System Design/Project/DAW/DAW.runs/bd_DAW_volume_controller_0_0_synth_1

INFO: [IP_Flow 19-1972] Upgraded bd_DAW_volume_controller_0_0 from volume_controller_v1_0 1.0 to volume_controller_v1_0 1.0
Wrote  : <D:\Documenti\LEZIONI\Digital Electronic System Design\Project\DAW\DAW.srcs\sources_1\bd\bd_DAW\bd_DAW.bd> 
upgrade_ip: Time (s): cpu = 00:00:09 ; elapsed = 00:00:06 . Memory (MB): peak = 2982.117 ; gain = 12.672
update_module_reference: Time (s): cpu = 00:00:09 ; elapsed = 00:00:06 . Memory (MB): peak = 2982.117 ; gain = 12.672
reset_run impl_1
set_property strategy Flow_RuntimeOptimized [get_runs synth_1]
set_property strategy Flow_RuntimeOptimized [get_runs impl_1]
make_wrapper -files [get_files {{D:/Documenti/LEZIONI/Digital Electronic System Design/Project/DAW/DAW.srcs/sources_1/bd/bd_DAW/bd_DAW.bd}}] -top
INFO: [xilinx.com:ip:clk_wiz:6.0-1] /clk_wiz_0 clk_wiz propagate
Wrote  : <D:\Documenti\LEZIONI\Digital Electronic System Design\Project\DAW\DAW.srcs\sources_1\bd\bd_DAW\bd_DAW.bd> 
VHDL Output written to : d:/Documenti/LEZIONI/Digital Electronic System Design/Project/DAW/DAW.gen/sources_1/bd/bd_DAW/synth/bd_DAW.vhd
VHDL Output written to : d:/Documenti/LEZIONI/Digital Electronic System Design/Project/DAW/DAW.gen/sources_1/bd/bd_DAW/sim/bd_DAW.vhd
VHDL Output written to : d:/Documenti/LEZIONI/Digital Electronic System Design/Project/DAW/DAW.gen/sources_1/bd/bd_DAW/hdl/bd_DAW_wrapper.vhd
reset_run synth_1
launch_runs impl_1 -to_step write_bitstream -jobs 2
INFO: [BD 41-1662] The design 'bd_DAW.bd' is already validated. Therefore parameter propagation will not be re-run.
VHDL Output written to : d:/Documenti/LEZIONI/Digital Electronic System Design/Project/DAW/DAW.gen/sources_1/bd/bd_DAW/synth/bd_DAW.vhd
VHDL Output written to : d:/Documenti/LEZIONI/Digital Electronic System Design/Project/DAW/DAW.gen/sources_1/bd/bd_DAW/sim/bd_DAW.vhd
VHDL Output written to : d:/Documenti/LEZIONI/Digital Electronic System Design/Project/DAW/DAW.gen/sources_1/bd/bd_DAW/hdl/bd_DAW_wrapper.vhd
INFO: [BD 41-1029] Generation completed for the IP Integrator block volume_controller_0 .
Exporting to file d:/Documenti/LEZIONI/Digital Electronic System Design/Project/DAW/DAW.gen/sources_1/bd/bd_DAW/hw_handoff/bd_DAW.hwh
Generated Block Design Tcl file d:/Documenti/LEZIONI/Digital Electronic System Design/Project/DAW/DAW.gen/sources_1/bd/bd_DAW/hw_handoff/bd_DAW_bd.tcl
Generated Hardware Definition File d:/Documenti/LEZIONI/Digital Electronic System Design/Project/DAW/DAW.gen/sources_1/bd/bd_DAW/synth/bd_DAW.hwdef
[Tue May 18 15:24:28 2021] Launched bd_DAW_volume_controller_0_0_synth_1, synth_1...
Run output will be captured here:
bd_DAW_volume_controller_0_0_synth_1: D:/Documenti/LEZIONI/Digital Electronic System Design/Project/DAW/DAW.runs/bd_DAW_volume_controller_0_0_synth_1/runme.log
synth_1: D:/Documenti/LEZIONI/Digital Electronic System Design/Project/DAW/DAW.runs/synth_1/runme.log
[Tue May 18 15:24:28 2021] Launched impl_1...
Run output will be captured here: D:/Documenti/LEZIONI/Digital Electronic System Design/Project/DAW/DAW.runs/impl_1/runme.log
launch_runs: Time (s): cpu = 00:00:03 ; elapsed = 00:00:16 . Memory (MB): peak = 3021.566 ; gain = 0.000
set_property PROBES.FILE {} [get_hw_devices xc7a35t_0]
set_property FULL_PROBES.FILE {} [get_hw_devices xc7a35t_0]
set_property PROGRAM.FILE {D:/Documenti/LEZIONI/Digital Electronic System Design/Project/DAW/DAW.runs/impl_1/bd_DAW_wrapper.bit} [get_hw_devices xc7a35t_0]
program_hw_devices [get_hw_devices xc7a35t_0]
INFO: [Labtools 27-3164] End of startup status: HIGH
refresh_hw_device [lindex [get_hw_devices xc7a35t_0] 0]
INFO: [Labtools 27-1434] Device xc7a35t (JTAG device index = 0) is programmed with a design that has no supported debug core(s) in it.
update_module_reference bd_DAW_volume_controller_0_0
INFO: [IP_Flow 19-5107] Inferred bus interface 'm_axis' of definition 'xilinx.com:interface:axis:1.0' (from Xilinx Repository).
INFO: [IP_Flow 19-5107] Inferred bus interface 's_axis' of definition 'xilinx.com:interface:axis:1.0' (from Xilinx Repository).
INFO: [IP_Flow 19-5107] Inferred bus interface 'aresetn' of definition 'xilinx.com:signal:reset:1.0' (from Xilinx Repository).
INFO: [IP_Flow 19-5107] Inferred bus interface 'aclk' of definition 'xilinx.com:signal:clock:1.0' (from Xilinx Repository).
INFO: [IP_Flow 19-4728] Bus Interface 'aresetn': Added interface parameter 'POLARITY' with value 'ACTIVE_LOW'.
INFO: [IP_Flow 19-4728] Bus Interface 'aclk': Added interface parameter 'ASSOCIATED_BUSIF' with value 'm_axis'.
INFO: [IP_Flow 19-4728] Bus Interface 'aclk': Added interface parameter 'ASSOCIATED_RESET' with value 'aresetn'.
INFO: [IP_Flow 19-234] Refreshing IP repositories
INFO: [IP_Flow 19-1700] Loaded user IP repository 'd:/Xilinx/Vivado/IPs'.
Upgrading 'D:/Documenti/LEZIONI/Digital Electronic System Design/Project/DAW/DAW.srcs/sources_1/bd/bd_DAW/bd_DAW.bd'
INFO: [IP_Flow 19-1972] Upgraded bd_DAW_volume_controller_0_0 from volume_controller_v1_0 1.0 to volume_controller_v1_0 1.0
Wrote  : <D:\Documenti\LEZIONI\Digital Electronic System Design\Project\DAW\DAW.srcs\sources_1\bd\bd_DAW\bd_DAW.bd> 
update_module_reference: Time (s): cpu = 00:00:08 ; elapsed = 00:00:30 . Memory (MB): peak = 3030.875 ; gain = 6.906
update_module_reference bd_DAW_mute_controller_0_0
INFO: [IP_Flow 19-5107] Inferred bus interface 'm_axis' of definition 'xilinx.com:interface:axis:1.0' (from Xilinx Repository).
INFO: [IP_Flow 19-5107] Inferred bus interface 's_axis' of definition 'xilinx.com:interface:axis:1.0' (from Xilinx Repository).
INFO: [IP_Flow 19-5107] Inferred bus interface 'aresetn' of definition 'xilinx.com:signal:reset:1.0' (from Xilinx Repository).
INFO: [IP_Flow 19-5107] Inferred bus interface 'aclk' of definition 'xilinx.com:signal:clock:1.0' (from Xilinx Repository).
INFO: [IP_Flow 19-4728] Bus Interface 'aresetn': Added interface parameter 'POLARITY' with value 'ACTIVE_LOW'.
INFO: [IP_Flow 19-4728] Bus Interface 'aclk': Added interface parameter 'ASSOCIATED_BUSIF' with value 'm_axis'.
INFO: [IP_Flow 19-4728] Bus Interface 'aclk': Added interface parameter 'ASSOCIATED_RESET' with value 'aresetn'.
INFO: [IP_Flow 19-234] Refreshing IP repositories
INFO: [IP_Flow 19-1700] Loaded user IP repository 'd:/Xilinx/Vivado/IPs'.
Upgrading 'D:/Documenti/LEZIONI/Digital Electronic System Design/Project/DAW/DAW.srcs/sources_1/bd/bd_DAW/bd_DAW.bd'
INFO: [IP_Flow 19-3420] Updated bd_DAW_mute_controller_0_0 to use current project options
Wrote  : <D:\Documenti\LEZIONI\Digital Electronic System Design\Project\DAW\DAW.srcs\sources_1\bd\bd_DAW\bd_DAW.bd> 
Wrote  : <D:/Documenti/LEZIONI/Digital Electronic System Design/Project/DAW/DAW.srcs/sources_1/bd/bd_DAW/ui/bd_560dd93d.ui> 
update_module_reference: Time (s): cpu = 00:00:01 ; elapsed = 00:00:10 . Memory (MB): peak = 3030.875 ; gain = 0.000
reset_run synth_1
launch_runs impl_1 -to_step write_bitstream -jobs 2
INFO: [xilinx.com:ip:clk_wiz:6.0-1] /clk_wiz_0 clk_wiz propagate
Wrote  : <D:\Documenti\LEZIONI\Digital Electronic System Design\Project\DAW\DAW.srcs\sources_1\bd\bd_DAW\bd_DAW.bd> 
VHDL Output written to : d:/Documenti/LEZIONI/Digital Electronic System Design/Project/DAW/DAW.gen/sources_1/bd/bd_DAW/synth/bd_DAW.vhd
VHDL Output written to : d:/Documenti/LEZIONI/Digital Electronic System Design/Project/DAW/DAW.gen/sources_1/bd/bd_DAW/sim/bd_DAW.vhd
VHDL Output written to : d:/Documenti/LEZIONI/Digital Electronic System Design/Project/DAW/DAW.gen/sources_1/bd/bd_DAW/hdl/bd_DAW_wrapper.vhd
INFO: [BD 41-1029] Generation completed for the IP Integrator block mute_controller_0 .
INFO: [BD 41-1029] Generation completed for the IP Integrator block volume_controller_0 .
Exporting to file d:/Documenti/LEZIONI/Digital Electronic System Design/Project/DAW/DAW.gen/sources_1/bd/bd_DAW/hw_handoff/bd_DAW.hwh
Generated Block Design Tcl file d:/Documenti/LEZIONI/Digital Electronic System Design/Project/DAW/DAW.gen/sources_1/bd/bd_DAW/hw_handoff/bd_DAW_bd.tcl
Generated Hardware Definition File d:/Documenti/LEZIONI/Digital Electronic System Design/Project/DAW/DAW.gen/sources_1/bd/bd_DAW/synth/bd_DAW.hwdef
[Tue May 18 15:41:18 2021] Launched bd_DAW_mute_controller_0_0_synth_1, bd_DAW_volume_controller_0_0_synth_1, synth_1...
Run output will be captured here:
bd_DAW_mute_controller_0_0_synth_1: D:/Documenti/LEZIONI/Digital Electronic System Design/Project/DAW/DAW.runs/bd_DAW_mute_controller_0_0_synth_1/runme.log
bd_DAW_volume_controller_0_0_synth_1: D:/Documenti/LEZIONI/Digital Electronic System Design/Project/DAW/DAW.runs/bd_DAW_volume_controller_0_0_synth_1/runme.log
synth_1: D:/Documenti/LEZIONI/Digital Electronic System Design/Project/DAW/DAW.runs/synth_1/runme.log
[Tue May 18 15:41:18 2021] Launched impl_1...
Run output will be captured here: D:/Documenti/LEZIONI/Digital Electronic System Design/Project/DAW/DAW.runs/impl_1/runme.log
launch_runs: Time (s): cpu = 00:00:04 ; elapsed = 00:00:41 . Memory (MB): peak = 3030.875 ; gain = 0.000
update_module_reference bd_DAW_volume_controller_0_0
INFO: [IP_Flow 19-5107] Inferred bus interface 'm_axis' of definition 'xilinx.com:interface:axis:1.0' (from Xilinx Repository).
INFO: [IP_Flow 19-5107] Inferred bus interface 's_axis' of definition 'xilinx.com:interface:axis:1.0' (from Xilinx Repository).
INFO: [IP_Flow 19-5107] Inferred bus interface 'aresetn' of definition 'xilinx.com:signal:reset:1.0' (from Xilinx Repository).
INFO: [IP_Flow 19-5107] Inferred bus interface 'aclk' of definition 'xilinx.com:signal:clock:1.0' (from Xilinx Repository).
INFO: [IP_Flow 19-4728] Bus Interface 'aresetn': Added interface parameter 'POLARITY' with value 'ACTIVE_LOW'.
INFO: [IP_Flow 19-4728] Bus Interface 'aclk': Added interface parameter 'ASSOCIATED_BUSIF' with value 'm_axis'.
INFO: [IP_Flow 19-4728] Bus Interface 'aclk': Added interface parameter 'ASSOCIATED_RESET' with value 'aresetn'.
INFO: [IP_Flow 19-234] Refreshing IP repositories
INFO: [IP_Flow 19-1700] Loaded user IP repository 'd:/Xilinx/Vivado/IPs'.
Upgrading 'D:/Documenti/LEZIONI/Digital Electronic System Design/Project/DAW/DAW.srcs/sources_1/bd/bd_DAW/bd_DAW.bd'
INFO: [IP_Flow 19-1972] Upgraded bd_DAW_volume_controller_0_0 from volume_controller_v1_0 1.0 to volume_controller_v1_0 1.0
Wrote  : <D:\Documenti\LEZIONI\Digital Electronic System Design\Project\DAW\DAW.srcs\sources_1\bd\bd_DAW\bd_DAW.bd> 
Wrote  : <D:/Documenti/LEZIONI/Digital Electronic System Design/Project/DAW/DAW.srcs/sources_1/bd/bd_DAW/ui/bd_560dd93d.ui> 
update_module_reference: Time (s): cpu = 00:00:02 ; elapsed = 00:00:12 . Memory (MB): peak = 3041.586 ; gain = 10.711
reset_run synth_1
launch_runs impl_1 -to_step write_bitstream -jobs 2
INFO: [xilinx.com:ip:clk_wiz:6.0-1] /clk_wiz_0 clk_wiz propagate
Wrote  : <D:\Documenti\LEZIONI\Digital Electronic System Design\Project\DAW\DAW.srcs\sources_1\bd\bd_DAW\bd_DAW.bd> 
VHDL Output written to : d:/Documenti/LEZIONI/Digital Electronic System Design/Project/DAW/DAW.gen/sources_1/bd/bd_DAW/synth/bd_DAW.vhd
VHDL Output written to : d:/Documenti/LEZIONI/Digital Electronic System Design/Project/DAW/DAW.gen/sources_1/bd/bd_DAW/sim/bd_DAW.vhd
VHDL Output written to : d:/Documenti/LEZIONI/Digital Electronic System Design/Project/DAW/DAW.gen/sources_1/bd/bd_DAW/hdl/bd_DAW_wrapper.vhd
INFO: [BD 41-1029] Generation completed for the IP Integrator block volume_controller_0 .
Exporting to file d:/Documenti/LEZIONI/Digital Electronic System Design/Project/DAW/DAW.gen/sources_1/bd/bd_DAW/hw_handoff/bd_DAW.hwh
Generated Block Design Tcl file d:/Documenti/LEZIONI/Digital Electronic System Design/Project/DAW/DAW.gen/sources_1/bd/bd_DAW/hw_handoff/bd_DAW_bd.tcl
Generated Hardware Definition File d:/Documenti/LEZIONI/Digital Electronic System Design/Project/DAW/DAW.gen/sources_1/bd/bd_DAW/synth/bd_DAW.hwdef
[Tue May 18 15:44:24 2021] Launched bd_DAW_volume_controller_0_0_synth_1, synth_1...
Run output will be captured here:
bd_DAW_volume_controller_0_0_synth_1: D:/Documenti/LEZIONI/Digital Electronic System Design/Project/DAW/DAW.runs/bd_DAW_volume_controller_0_0_synth_1/runme.log
synth_1: D:/Documenti/LEZIONI/Digital Electronic System Design/Project/DAW/DAW.runs/synth_1/runme.log
[Tue May 18 15:44:24 2021] Launched impl_1...
Run output will be captured here: D:/Documenti/LEZIONI/Digital Electronic System Design/Project/DAW/DAW.runs/impl_1/runme.log
launch_runs: Time (s): cpu = 00:00:03 ; elapsed = 00:00:20 . Memory (MB): peak = 3041.586 ; gain = 0.000
set_property PROBES.FILE {} [get_hw_devices xc7a35t_0]
set_property FULL_PROBES.FILE {} [get_hw_devices xc7a35t_0]
set_property PROGRAM.FILE {D:/Documenti/LEZIONI/Digital Electronic System Design/Project/DAW/DAW.runs/impl_1/bd_DAW_wrapper.bit} [get_hw_devices xc7a35t_0]
program_hw_devices [get_hw_devices xc7a35t_0]
INFO: [Labtools 27-3164] End of startup status: HIGH
refresh_hw_device [lindex [get_hw_devices xc7a35t_0] 0]
INFO: [Labtools 27-1434] Device xc7a35t (JTAG device index = 0) is programmed with a design that has no supported debug core(s) in it.
open_bd_design {D:/Documenti/LEZIONI/Digital Electronic System Design/Project/DAW/DAW.srcs/sources_1/bd/bd_DAW/bd_DAW.bd}
delete_bd_objs [get_bd_intf_nets depacketizer_0_m_axis]
delete_bd_objs [get_bd_intf_nets volume_controller_0_m_axis]
connect_bd_intf_net [get_bd_intf_pins depacketizer_0/m_axis] [get_bd_intf_pins mute_controller_0/s_axis]
save_bd_design
Wrote  : <D:\Documenti\LEZIONI\Digital Electronic System Design\Project\DAW\DAW.srcs\sources_1\bd\bd_DAW\bd_DAW.bd> 
Wrote  : <D:/Documenti/LEZIONI/Digital Electronic System Design/Project/DAW/DAW.srcs/sources_1/bd/bd_DAW/ui/bd_560dd93d.ui> 
make_wrapper -files [get_files {{D:/Documenti/LEZIONI/Digital Electronic System Design/Project/DAW/DAW.srcs/sources_1/bd/bd_DAW/bd_DAW.bd}}] -top
INFO: [xilinx.com:ip:clk_wiz:6.0-1] /clk_wiz_0 clk_wiz propagate
CRITICAL WARNING: [BD 41-759] The input pins (listed below) are either not connected or do not have a source port, and they don't have a tie-off specified. These pins are tied-off to all 0's to avoid error in Implementation flow.
Please check your design and connect them as needed: 
/volume_controller_0/s_axis_tvalid

Wrote  : <D:\Documenti\LEZIONI\Digital Electronic System Design\Project\DAW\DAW.srcs\sources_1\bd\bd_DAW\bd_DAW.bd> 
VHDL Output written to : d:/Documenti/LEZIONI/Digital Electronic System Design/Project/DAW/DAW.gen/sources_1/bd/bd_DAW/synth/bd_DAW.vhd
VHDL Output written to : d:/Documenti/LEZIONI/Digital Electronic System Design/Project/DAW/DAW.gen/sources_1/bd/bd_DAW/sim/bd_DAW.vhd
VHDL Output written to : d:/Documenti/LEZIONI/Digital Electronic System Design/Project/DAW/DAW.gen/sources_1/bd/bd_DAW/hdl/bd_DAW_wrapper.vhd
update_module_reference bd_DAW_volume_controller_0_0
INFO: [IP_Flow 19-5107] Inferred bus interface 'aresetn' of definition 'xilinx.com:signal:reset:1.0' (from Xilinx Repository).
INFO: [IP_Flow 19-5107] Inferred bus interface 'aclk' of definition 'xilinx.com:signal:clock:1.0' (from Xilinx Repository).
INFO: [IP_Flow 19-4728] Bus Interface 'aresetn': Added interface parameter 'POLARITY' with value 'ACTIVE_LOW'.
INFO: [IP_Flow 19-4728] Bus Interface 'aclk': Added interface parameter 'ASSOCIATED_RESET' with value 'aresetn'.
WARNING: [IP_Flow 19-5661] Bus Interface 'aclk' does not have any bus interfaces associated with it.
INFO: [IP_Flow 19-234] Refreshing IP repositories
INFO: [IP_Flow 19-1700] Loaded user IP repository 'd:/Xilinx/Vivado/IPs'.
Upgrading 'D:/Documenti/LEZIONI/Digital Electronic System Design/Project/DAW/DAW.srcs/sources_1/bd/bd_DAW/bd_DAW.bd'
INFO: [IP_Flow 19-1972] Upgraded bd_DAW_volume_controller_0_0 from volume_controller_v1_0 1.0 to volume_controller_v1_0 1.0
WARNING: [IP_Flow 19-4699] Upgrade has removed interface 'm_axis'
WARNING: [IP_Flow 19-4699] Upgrade has removed interface 's_axis'
WARNING: [IP_Flow 19-3670] Detected external interface differences while upgrading 'bd_DAW_volume_controller_0_0'.
WARNING: [IP_Flow 19-4700] Upgrade has removed port 'm_axis_tdata'
WARNING: [IP_Flow 19-4700] Upgrade has removed port 'm_axis_tlast'
WARNING: [IP_Flow 19-4700] Upgrade has removed port 'm_axis_tready'
WARNING: [IP_Flow 19-4700] Upgrade has removed port 'm_axis_tvalid'
WARNING: [IP_Flow 19-4700] Upgrade has removed port 's_axis_tdata'
WARNING: [IP_Flow 19-4700] Upgrade has removed port 's_axis_tlast'
WARNING: [IP_Flow 19-4700] Upgrade has removed port 's_axis_tready'
WARNING: [IP_Flow 19-4700] Upgrade has removed port 's_axis_tvalid'
WARNING: [IP_Flow 19-3298] Detected external port differences while upgrading 'bd_DAW_volume_controller_0_0'. These changes may impact your design.
CRITICAL WARNING: [Coretcl 2-1280] The upgrade of 'bd_DAW_volume_controller_0_0' has identified issues that may require user intervention. Please verify that the instance is correctly configured, and review any upgrade messages.
Wrote  : <D:\Documenti\LEZIONI\Digital Electronic System Design\Project\DAW\DAW.srcs\sources_1\bd\bd_DAW\bd_DAW.bd> 
Wrote  : <D:/Documenti/LEZIONI/Digital Electronic System Design/Project/DAW/DAW.srcs/sources_1/bd/bd_DAW/ui/bd_560dd93d.ui> 
update_module_reference: Time (s): cpu = 00:00:03 ; elapsed = 00:00:15 . Memory (MB): peak = 3055.742 ; gain = 14.156
make_wrapper -files [get_files {{D:/Documenti/LEZIONI/Digital Electronic System Design/Project/DAW/DAW.srcs/sources_1/bd/bd_DAW/bd_DAW.bd}}] -top
INFO: [xilinx.com:ip:clk_wiz:6.0-1] /clk_wiz_0 clk_wiz propagate
Wrote  : <D:\Documenti\LEZIONI\Digital Electronic System Design\Project\DAW\DAW.srcs\sources_1\bd\bd_DAW\bd_DAW.bd> 
Wrote  : <D:/Documenti/LEZIONI/Digital Electronic System Design/Project/DAW/DAW.srcs/sources_1/bd/bd_DAW/ui/bd_560dd93d.ui> 
VHDL Output written to : d:/Documenti/LEZIONI/Digital Electronic System Design/Project/DAW/DAW.gen/sources_1/bd/bd_DAW/synth/bd_DAW.vhd
VHDL Output written to : d:/Documenti/LEZIONI/Digital Electronic System Design/Project/DAW/DAW.gen/sources_1/bd/bd_DAW/sim/bd_DAW.vhd
VHDL Output written to : d:/Documenti/LEZIONI/Digital Electronic System Design/Project/DAW/DAW.gen/sources_1/bd/bd_DAW/hdl/bd_DAW_wrapper.vhd
reset_run synth_1
launch_runs impl_1 -to_step write_bitstream -jobs 2
INFO: [BD 41-1662] The design 'bd_DAW.bd' is already validated. Therefore parameter propagation will not be re-run.
Wrote  : <D:\Documenti\LEZIONI\Digital Electronic System Design\Project\DAW\DAW.srcs\sources_1\bd\bd_DAW\bd_DAW.bd> 
VHDL Output written to : d:/Documenti/LEZIONI/Digital Electronic System Design/Project/DAW/DAW.gen/sources_1/bd/bd_DAW/synth/bd_DAW.vhd
VHDL Output written to : d:/Documenti/LEZIONI/Digital Electronic System Design/Project/DAW/DAW.gen/sources_1/bd/bd_DAW/sim/bd_DAW.vhd
VHDL Output written to : d:/Documenti/LEZIONI/Digital Electronic System Design/Project/DAW/DAW.gen/sources_1/bd/bd_DAW/hdl/bd_DAW_wrapper.vhd
INFO: [BD 41-1029] Generation completed for the IP Integrator block volume_controller_0 .
Exporting to file d:/Documenti/LEZIONI/Digital Electronic System Design/Project/DAW/DAW.gen/sources_1/bd/bd_DAW/hw_handoff/bd_DAW.hwh
Generated Block Design Tcl file d:/Documenti/LEZIONI/Digital Electronic System Design/Project/DAW/DAW.gen/sources_1/bd/bd_DAW/hw_handoff/bd_DAW_bd.tcl
Generated Hardware Definition File d:/Documenti/LEZIONI/Digital Electronic System Design/Project/DAW/DAW.gen/sources_1/bd/bd_DAW/synth/bd_DAW.hwdef
[Tue May 18 15:53:38 2021] Launched bd_DAW_volume_controller_0_0_synth_1, synth_1...
Run output will be captured here:
bd_DAW_volume_controller_0_0_synth_1: D:/Documenti/LEZIONI/Digital Electronic System Design/Project/DAW/DAW.runs/bd_DAW_volume_controller_0_0_synth_1/runme.log
synth_1: D:/Documenti/LEZIONI/Digital Electronic System Design/Project/DAW/DAW.runs/synth_1/runme.log
[Tue May 18 15:53:38 2021] Launched impl_1...
Run output will be captured here: D:/Documenti/LEZIONI/Digital Electronic System Design/Project/DAW/DAW.runs/impl_1/runme.log
launch_runs: Time (s): cpu = 00:00:02 ; elapsed = 00:00:13 . Memory (MB): peak = 3055.742 ; gain = 0.000
set_property PROBES.FILE {} [get_hw_devices xc7a35t_0]
set_property FULL_PROBES.FILE {} [get_hw_devices xc7a35t_0]
set_property PROGRAM.FILE {D:/Documenti/LEZIONI/Digital Electronic System Design/Project/DAW/DAW.runs/impl_1/bd_DAW_wrapper.bit} [get_hw_devices xc7a35t_0]
program_hw_devices [get_hw_devices xc7a35t_0]
INFO: [Labtools 27-3164] End of startup status: HIGH
refresh_hw_device [lindex [get_hw_devices xc7a35t_0] 0]
INFO: [Labtools 27-1434] Device xc7a35t (JTAG device index = 0) is programmed with a design that has no supported debug core(s) in it.
exit
INFO: [Common 17-206] Exiting Vivado at Tue May 18 15:59:32 2021...
