#-----------------------------------------------------------
# Vivado v2020.2 (64-bit)
# SW Build 3064766 on Wed Nov 18 09:12:45 MST 2020
# IP Build 3064653 on Wed Nov 18 14:17:31 MST 2020
# Start of session at: Mon May 31 16:42:49 2021
# Process ID: 9416
# Current directory: D:/Documenti/LEZIONI/Digital Electronic System Design/Project/DAW
# Command line: vivado.exe -gui_launcher_event rodinguilauncherevent7156 D:\Documenti\LEZIONI\Digital Electronic System Design\Project\DAW\DAW.xpr
# Log file: D:/Documenti/LEZIONI/Digital Electronic System Design/Project/DAW/vivado.log
# Journal file: D:/Documenti/LEZIONI/Digital Electronic System Design/Project/DAW\vivado.jou
#-----------------------------------------------------------
start_gui
open_project {D:/Documenti/LEZIONI/Digital Electronic System Design/Project/DAW/DAW.xpr}
CRITICAL WARNING: [Project 1-19] Could not find the file 'D:/Documenti/LEZIONI/Digital Electronic System Design/Project/DAW/DAW.srcs/sources_1/new/AXI4_S_enableIIR.vhd'.
Scanning sources...
Finished scanning sources
INFO: [IP_Flow 19-234] Refreshing IP repositories
INFO: [IP_Flow 19-1700] Loaded user IP repository 'd:/Xilinx/Vivado/IPs'.
INFO: [IP_Flow 19-2313] Loaded Vivado IP repository 'D:/Xilinx/Vivado/2020.2/data/ip'.
open_project: Time (s): cpu = 00:00:27 ; elapsed = 00:00:12 . Memory (MB): peak = 1113.797 ; gain = 0.000
update_compile_order -fileset sources_1
exit
INFO: [Common 17-206] Exiting Vivado at Mon May 31 16:53:16 2021...
