#-----------------------------------------------------------
# Vivado v2020.2 (64-bit)
# SW Build 3064766 on Wed Nov 18 09:12:45 MST 2020
# IP Build 3064653 on Wed Nov 18 14:17:31 MST 2020
# Start of session at: Tue May 18 20:00:45 2021
# Process ID: 11696
# Current directory: D:/Documenti/LEZIONI/Digital Electronic System Design/Project/DAW
# Command line: vivado.exe -gui_launcher_event rodinguilauncherevent5728 D:\Documenti\LEZIONI\Digital Electronic System Design\Project\DAW\DAW.xpr
# Log file: D:/Documenti/LEZIONI/Digital Electronic System Design/Project/DAW/vivado.log
# Journal file: D:/Documenti/LEZIONI/Digital Electronic System Design/Project/DAW\vivado.jou
#-----------------------------------------------------------
start_gui
open_project {D:/Documenti/LEZIONI/Digital Electronic System Design/Project/DAW/DAW.xpr}
Scanning sources...
Finished scanning sources
INFO: [IP_Flow 19-234] Refreshing IP repositories
INFO: [IP_Flow 19-1700] Loaded user IP repository 'd:/Xilinx/Vivado/IPs'.
INFO: [IP_Flow 19-2313] Loaded Vivado IP repository 'D:/Xilinx/Vivado/2020.2/data/ip'.
WARNING: [IP_Flow 19-3664] IP 'bd_DAW_moving_average_filter_0_0' generated file not found 'd:/Documenti/LEZIONI/Digital Electronic System Design/Project/DAW/DAW.gen/sources_1/bd/bd_DAW/ip/bd_DAW_moving_average_filter_0_0/bd_DAW_moving_average_filter_0_0.dcp'. Please regenerate to continue.
WARNING: [IP_Flow 19-3664] IP 'bd_DAW_moving_average_filter_0_0' generated file not found 'd:/Documenti/LEZIONI/Digital Electronic System Design/Project/DAW/DAW.gen/sources_1/bd/bd_DAW/ip/bd_DAW_moving_average_filter_0_0/bd_DAW_moving_average_filter_0_0_stub.v'. Please regenerate to continue.
WARNING: [IP_Flow 19-3664] IP 'bd_DAW_moving_average_filter_0_0' generated file not found 'd:/Documenti/LEZIONI/Digital Electronic System Design/Project/DAW/DAW.gen/sources_1/bd/bd_DAW/ip/bd_DAW_moving_average_filter_0_0/bd_DAW_moving_average_filter_0_0_stub.vhdl'. Please regenerate to continue.
WARNING: [IP_Flow 19-3664] IP 'bd_DAW_moving_average_filter_0_0' generated file not found 'd:/Documenti/LEZIONI/Digital Electronic System Design/Project/DAW/DAW.gen/sources_1/bd/bd_DAW/ip/bd_DAW_moving_average_filter_0_0/bd_DAW_moving_average_filter_0_0_sim_netlist.v'. Please regenerate to continue.
WARNING: [IP_Flow 19-3664] IP 'bd_DAW_moving_average_filter_0_0' generated file not found 'd:/Documenti/LEZIONI/Digital Electronic System Design/Project/DAW/DAW.gen/sources_1/bd/bd_DAW/ip/bd_DAW_moving_average_filter_0_0/bd_DAW_moving_average_filter_0_0_sim_netlist.vhdl'. Please regenerate to continue.
open_project: Time (s): cpu = 00:00:26 ; elapsed = 00:00:13 . Memory (MB): peak = 1095.195 ; gain = 0.000
update_compile_order -fileset sources_1
update_module_reference bd_DAW_moving_average_filter_0_0
INFO: [IP_Flow 19-5107] Inferred bus interface 'm_axis' of definition 'xilinx.com:interface:axis:1.0' (from Xilinx Repository).
INFO: [IP_Flow 19-5107] Inferred bus interface 's_axis' of definition 'xilinx.com:interface:axis:1.0' (from Xilinx Repository).
INFO: [IP_Flow 19-5107] Inferred bus interface 'aresetn' of definition 'xilinx.com:signal:reset:1.0' (from Xilinx Repository).
INFO: [IP_Flow 19-5107] Inferred bus interface 'aclk' of definition 'xilinx.com:signal:clock:1.0' (from Xilinx Repository).
INFO: [IP_Flow 19-4728] Bus Interface 'aresetn': Added interface parameter 'POLARITY' with value 'ACTIVE_LOW'.
INFO: [IP_Flow 19-4728] Bus Interface 'aclk': Added interface parameter 'ASSOCIATED_BUSIF' with value 'm_axis'.
INFO: [IP_Flow 19-4728] Bus Interface 'aclk': Added interface parameter 'ASSOCIATED_RESET' with value 'aresetn'.
INFO: [IP_Flow 19-234] Refreshing IP repositories
INFO: [IP_Flow 19-1700] Loaded user IP repository 'd:/Xilinx/Vivado/IPs'.
Reading block design file <D:/Documenti/LEZIONI/Digital Electronic System Design/Project/DAW/DAW.srcs/sources_1/bd/bd_DAW/bd_DAW.bd>...
Adding component instance block -- xilinx.com:ip:clk_wiz:6.0 - clk_wiz_0
Adding component instance block -- xilinx.com:ip:proc_sys_reset:5.0 - proc_sys_reset_0
Adding component instance block -- xilinx.com:ip:proc_sys_reset:5.0 - proc_sys_reset_1
Adding component instance block -- DigiLAB:ip:AXI4Stream_UART:1.1 - AXI4Stream_UART_0
Adding component instance block -- xilinx.com:module_ref:packetizer:1.0 - packetizer_0
Adding component instance block -- xilinx.com:module_ref:depacketizer:1.0 - depacketizer_0
Adding component instance block -- xilinx.com:module_ref:edge_detector:1.0 - edge_detector_0
Adding component instance block -- xilinx.com:module_ref:debouncer:1.0 - debouncer_0
Adding component instance block -- xilinx.com:module_ref:edge_detector:1.0 - edge_detector_1
Adding component instance block -- xilinx.com:module_ref:debouncer:1.0 - debouncer_1
Adding component instance block -- xilinx.com:module_ref:mute_controller:1.0 - mute_controller_0
Adding component instance block -- xilinx.com:module_ref:volume_controller:1.0 - volume_controller_0
Adding component instance block -- xilinx.com:module_ref:moving_average_filter:1.0 - moving_average_filter_0
Successfully read diagram <bd_DAW> from block design file <D:/Documenti/LEZIONI/Digital Electronic System Design/Project/DAW/DAW.srcs/sources_1/bd/bd_DAW/bd_DAW.bd>
Upgrading 'D:/Documenti/LEZIONI/Digital Electronic System Design/Project/DAW/DAW.srcs/sources_1/bd/bd_DAW/bd_DAW.bd'
INFO: [IP_Flow 19-1972] Upgraded bd_DAW_moving_average_filter_0_0 from moving_average_filter_v1_0 1.0 to moving_average_filter_v1_0 1.0
Wrote  : <D:\Documenti\LEZIONI\Digital Electronic System Design\Project\DAW\DAW.srcs\sources_1\bd\bd_DAW\bd_DAW.bd> 
Wrote  : <D:/Documenti/LEZIONI/Digital Electronic System Design/Project/DAW/DAW.srcs/sources_1/bd/bd_DAW/ui/bd_560dd93d.ui> 
upgrade_ip: Time (s): cpu = 00:00:22 ; elapsed = 00:00:16 . Memory (MB): peak = 1127.234 ; gain = 32.039
update_module_reference: Time (s): cpu = 00:00:22 ; elapsed = 00:00:23 . Memory (MB): peak = 1127.234 ; gain = 32.039
make_wrapper -files [get_files {{D:/Documenti/LEZIONI/Digital Electronic System Design/Project/DAW/DAW.srcs/sources_1/bd/bd_DAW/bd_DAW.bd}}] -top
INFO: [xilinx.com:ip:clk_wiz:6.0-1] /clk_wiz_0 clk_wiz propagate
Wrote  : <D:\Documenti\LEZIONI\Digital Electronic System Design\Project\DAW\DAW.srcs\sources_1\bd\bd_DAW\bd_DAW.bd> 
VHDL Output written to : d:/Documenti/LEZIONI/Digital Electronic System Design/Project/DAW/DAW.gen/sources_1/bd/bd_DAW/synth/bd_DAW.vhd
VHDL Output written to : d:/Documenti/LEZIONI/Digital Electronic System Design/Project/DAW/DAW.gen/sources_1/bd/bd_DAW/sim/bd_DAW.vhd
VHDL Output written to : d:/Documenti/LEZIONI/Digital Electronic System Design/Project/DAW/DAW.gen/sources_1/bd/bd_DAW/hdl/bd_DAW_wrapper.vhd
reset_run synth_1
launch_runs impl_1 -to_step write_bitstream -jobs 2
INFO: [BD 41-1662] The design 'bd_DAW.bd' is already validated. Therefore parameter propagation will not be re-run.
Wrote  : <D:\Documenti\LEZIONI\Digital Electronic System Design\Project\DAW\DAW.srcs\sources_1\bd\bd_DAW\bd_DAW.bd> 
Wrote  : <D:/Documenti/LEZIONI/Digital Electronic System Design/Project/DAW/DAW.srcs/sources_1/bd/bd_DAW/ui/bd_560dd93d.ui> 
VHDL Output written to : d:/Documenti/LEZIONI/Digital Electronic System Design/Project/DAW/DAW.gen/sources_1/bd/bd_DAW/synth/bd_DAW.vhd
VHDL Output written to : d:/Documenti/LEZIONI/Digital Electronic System Design/Project/DAW/DAW.gen/sources_1/bd/bd_DAW/sim/bd_DAW.vhd
VHDL Output written to : d:/Documenti/LEZIONI/Digital Electronic System Design/Project/DAW/DAW.gen/sources_1/bd/bd_DAW/hdl/bd_DAW_wrapper.vhd
INFO: [BD 41-1029] Generation completed for the IP Integrator block moving_average_filter_0 .
Exporting to file d:/Documenti/LEZIONI/Digital Electronic System Design/Project/DAW/DAW.gen/sources_1/bd/bd_DAW/hw_handoff/bd_DAW.hwh
Generated Block Design Tcl file d:/Documenti/LEZIONI/Digital Electronic System Design/Project/DAW/DAW.gen/sources_1/bd/bd_DAW/hw_handoff/bd_DAW_bd.tcl
Generated Hardware Definition File d:/Documenti/LEZIONI/Digital Electronic System Design/Project/DAW/DAW.gen/sources_1/bd/bd_DAW/synth/bd_DAW.hwdef
[Tue May 18 20:05:54 2021] Launched bd_DAW_moving_average_filter_0_0_synth_1, synth_1...
Run output will be captured here:
bd_DAW_moving_average_filter_0_0_synth_1: D:/Documenti/LEZIONI/Digital Electronic System Design/Project/DAW/DAW.runs/bd_DAW_moving_average_filter_0_0_synth_1/runme.log
synth_1: D:/Documenti/LEZIONI/Digital Electronic System Design/Project/DAW/DAW.runs/synth_1/runme.log
[Tue May 18 20:05:55 2021] Launched impl_1...
Run output will be captured here: D:/Documenti/LEZIONI/Digital Electronic System Design/Project/DAW/DAW.runs/impl_1/runme.log
launch_runs: Time (s): cpu = 00:00:05 ; elapsed = 00:00:32 . Memory (MB): peak = 1291.000 ; gain = 10.051
open_hw_manager
connect_hw_server -allow_non_jtag
INFO: [Labtools 27-2285] Connecting to hw_server url TCP:localhost:3121
INFO: [Labtools 27-2222] Launching hw_server...
INFO: [Labtools 27-2221] Launch Output:

****** Xilinx hw_server v2020.2
  **** Build date : Nov 18 2020 at 10:01:48
    ** Copyright 1986-2020 Xilinx, Inc. All Rights Reserved.


INFO: [Labtools 27-3415] Connecting to cs_server url TCP:localhost:3042
INFO: [Labtools 27-3417] Launching cs_server...
INFO: [Labtools 27-2221] Launch Output:


******** Xilinx cs_server v2020.2
  ****** Build date   : Nov 03 2020-22:02:56
    **** Build number : 2020.2.1604437376
      ** Copyright 2017-2020 Xilinx, Inc. All Rights Reserved.



connect_hw_server: Time (s): cpu = 00:00:01 ; elapsed = 00:00:15 . Memory (MB): peak = 1312.914 ; gain = 0.000
open_hw_target
INFO: [Labtoolstcl 44-466] Opening hw_target localhost:3121/xilinx_tcf/Digilent/210183ACAD8EA
open_hw_target: Time (s): cpu = 00:00:08 ; elapsed = 00:00:08 . Memory (MB): peak = 2874.750 ; gain = 1561.836
set_property PROGRAM.FILE {D:\Download\LAB3_daw.bit} [get_hw_devices xc7a35t_0]
current_hw_device [get_hw_devices xc7a35t_0]
refresh_hw_device -update_hw_probes false [lindex [get_hw_devices xc7a35t_0] 0]
INFO: [Labtools 27-1435] Device xc7a35t (JTAG device index = 0) is not programmed (DONE status = 0).
set_property PROBES.FILE {} [get_hw_devices xc7a35t_0]
set_property FULL_PROBES.FILE {} [get_hw_devices xc7a35t_0]
set_property PROGRAM.FILE {D:/Download/LAB3_daw.bit} [get_hw_devices xc7a35t_0]
program_hw_devices [get_hw_devices xc7a35t_0]
INFO: [Labtools 27-3164] End of startup status: HIGH
refresh_hw_device [lindex [get_hw_devices xc7a35t_0] 0]
INFO: [Labtools 27-1434] Device xc7a35t (JTAG device index = 0) is programmed with a design that has no supported debug core(s) in it.
open_run synth_1 -name synth_1
Design is defaulting to impl run constrset: constrs_1
Design is defaulting to synth run part: xc7a35tcpg236-1
INFO: [Device 21-403] Loading part xc7a35tcpg236-1
INFO: [Project 1-454] Reading design checkpoint 'd:/Documenti/LEZIONI/Digital Electronic System Design/Project/DAW/DAW.gen/sources_1/bd/bd_DAW/ip/bd_DAW_AXI4Stream_UART_0_0/bd_DAW_AXI4Stream_UART_0_0.dcp' for cell 'bd_DAW_i/AXI4Stream_UART_0'
INFO: [Project 1-454] Reading design checkpoint 'd:/Documenti/LEZIONI/Digital Electronic System Design/Project/DAW/DAW.gen/sources_1/bd/bd_DAW/ip/bd_DAW_clk_wiz_0_0/bd_DAW_clk_wiz_0_0.dcp' for cell 'bd_DAW_i/clk_wiz_0'
INFO: [Project 1-454] Reading design checkpoint 'd:/Documenti/LEZIONI/Digital Electronic System Design/Project/DAW/DAW.gen/sources_1/bd/bd_DAW/ip/bd_DAW_debouncer_0_0/bd_DAW_debouncer_0_0.dcp' for cell 'bd_DAW_i/debouncer_0'
INFO: [Project 1-454] Reading design checkpoint 'd:/Documenti/LEZIONI/Digital Electronic System Design/Project/DAW/DAW.gen/sources_1/bd/bd_DAW/ip/bd_DAW_debouncer_1_0/bd_DAW_debouncer_1_0.dcp' for cell 'bd_DAW_i/debouncer_1'
INFO: [Project 1-454] Reading design checkpoint 'd:/Documenti/LEZIONI/Digital Electronic System Design/Project/DAW/DAW.gen/sources_1/bd/bd_DAW/ip/bd_DAW_depacketizer_0_0/bd_DAW_depacketizer_0_0.dcp' for cell 'bd_DAW_i/depacketizer_0'
INFO: [Project 1-454] Reading design checkpoint 'd:/Documenti/LEZIONI/Digital Electronic System Design/Project/DAW/DAW.gen/sources_1/bd/bd_DAW/ip/bd_DAW_edge_detector_0_0/bd_DAW_edge_detector_0_0.dcp' for cell 'bd_DAW_i/edge_detector_0'
INFO: [Project 1-454] Reading design checkpoint 'd:/Documenti/LEZIONI/Digital Electronic System Design/Project/DAW/DAW.gen/sources_1/bd/bd_DAW/ip/bd_DAW_edge_detector_1_0/bd_DAW_edge_detector_1_0.dcp' for cell 'bd_DAW_i/edge_detector_1'
INFO: [Project 1-454] Reading design checkpoint 'd:/Documenti/LEZIONI/Digital Electronic System Design/Project/DAW/DAW.gen/sources_1/bd/bd_DAW/ip/bd_DAW_moving_average_filter_0_0/bd_DAW_moving_average_filter_0_0.dcp' for cell 'bd_DAW_i/moving_average_filter_0'
INFO: [Project 1-454] Reading design checkpoint 'd:/Documenti/LEZIONI/Digital Electronic System Design/Project/DAW/DAW.gen/sources_1/bd/bd_DAW/ip/bd_DAW_mute_controller_0_0/bd_DAW_mute_controller_0_0.dcp' for cell 'bd_DAW_i/mute_controller_0'
INFO: [Project 1-454] Reading design checkpoint 'd:/Documenti/LEZIONI/Digital Electronic System Design/Project/DAW/DAW.gen/sources_1/bd/bd_DAW/ip/bd_DAW_packetizer_0_0/bd_DAW_packetizer_0_0.dcp' for cell 'bd_DAW_i/packetizer_0'
INFO: [Project 1-454] Reading design checkpoint 'd:/Documenti/LEZIONI/Digital Electronic System Design/Project/DAW/DAW.gen/sources_1/bd/bd_DAW/ip/bd_DAW_proc_sys_reset_0_0/bd_DAW_proc_sys_reset_0_0.dcp' for cell 'bd_DAW_i/proc_sys_reset_0'
INFO: [Project 1-454] Reading design checkpoint 'd:/Documenti/LEZIONI/Digital Electronic System Design/Project/DAW/DAW.gen/sources_1/bd/bd_DAW/ip/bd_DAW_proc_sys_reset_1_0/bd_DAW_proc_sys_reset_1_0.dcp' for cell 'bd_DAW_i/proc_sys_reset_1'
INFO: [Project 1-454] Reading design checkpoint 'd:/Documenti/LEZIONI/Digital Electronic System Design/Project/DAW/DAW.gen/sources_1/bd/bd_DAW/ip/bd_DAW_volume_controller_0_0/bd_DAW_volume_controller_0_0.dcp' for cell 'bd_DAW_i/volume_controller_0'
Netlist sorting complete. Time (s): cpu = 00:00:00 ; elapsed = 00:00:00.036 . Memory (MB): peak = 3062.715 ; gain = 0.000
INFO: [Netlist 29-17] Analyzing 158 Unisim elements for replacement
INFO: [Netlist 29-28] Unisim Transformation completed in 0 CPU seconds
INFO: [Project 1-479] Netlist was created with Vivado 2020.2
INFO: [Project 1-570] Preparing netlist for logic optimization
Parsing XDC File [d:/Documenti/LEZIONI/Digital Electronic System Design/Project/DAW/DAW.gen/sources_1/bd/bd_DAW/ip/bd_DAW_clk_wiz_0_0/bd_DAW_clk_wiz_0_0_board.xdc] for cell 'bd_DAW_i/clk_wiz_0/inst'
Finished Parsing XDC File [d:/Documenti/LEZIONI/Digital Electronic System Design/Project/DAW/DAW.gen/sources_1/bd/bd_DAW/ip/bd_DAW_clk_wiz_0_0/bd_DAW_clk_wiz_0_0_board.xdc] for cell 'bd_DAW_i/clk_wiz_0/inst'
Parsing XDC File [d:/Documenti/LEZIONI/Digital Electronic System Design/Project/DAW/DAW.gen/sources_1/bd/bd_DAW/ip/bd_DAW_clk_wiz_0_0/bd_DAW_clk_wiz_0_0.xdc] for cell 'bd_DAW_i/clk_wiz_0/inst'
INFO: [Timing 38-35] Done setting XDC timing constraints. [d:/Documenti/LEZIONI/Digital Electronic System Design/Project/DAW/DAW.gen/sources_1/bd/bd_DAW/ip/bd_DAW_clk_wiz_0_0/bd_DAW_clk_wiz_0_0.xdc:57]
INFO: [Timing 38-2] Deriving generated clocks [d:/Documenti/LEZIONI/Digital Electronic System Design/Project/DAW/DAW.gen/sources_1/bd/bd_DAW/ip/bd_DAW_clk_wiz_0_0/bd_DAW_clk_wiz_0_0.xdc:57]
Finished Parsing XDC File [d:/Documenti/LEZIONI/Digital Electronic System Design/Project/DAW/DAW.gen/sources_1/bd/bd_DAW/ip/bd_DAW_clk_wiz_0_0/bd_DAW_clk_wiz_0_0.xdc] for cell 'bd_DAW_i/clk_wiz_0/inst'
Parsing XDC File [d:/Documenti/LEZIONI/Digital Electronic System Design/Project/DAW/DAW.gen/sources_1/bd/bd_DAW/ip/bd_DAW_proc_sys_reset_0_0/bd_DAW_proc_sys_reset_0_0_board.xdc] for cell 'bd_DAW_i/proc_sys_reset_0/U0'
Finished Parsing XDC File [d:/Documenti/LEZIONI/Digital Electronic System Design/Project/DAW/DAW.gen/sources_1/bd/bd_DAW/ip/bd_DAW_proc_sys_reset_0_0/bd_DAW_proc_sys_reset_0_0_board.xdc] for cell 'bd_DAW_i/proc_sys_reset_0/U0'
Parsing XDC File [d:/Documenti/LEZIONI/Digital Electronic System Design/Project/DAW/DAW.gen/sources_1/bd/bd_DAW/ip/bd_DAW_proc_sys_reset_0_0/bd_DAW_proc_sys_reset_0_0.xdc] for cell 'bd_DAW_i/proc_sys_reset_0/U0'
Finished Parsing XDC File [d:/Documenti/LEZIONI/Digital Electronic System Design/Project/DAW/DAW.gen/sources_1/bd/bd_DAW/ip/bd_DAW_proc_sys_reset_0_0/bd_DAW_proc_sys_reset_0_0.xdc] for cell 'bd_DAW_i/proc_sys_reset_0/U0'
Parsing XDC File [d:/Documenti/LEZIONI/Digital Electronic System Design/Project/DAW/DAW.gen/sources_1/bd/bd_DAW/ip/bd_DAW_proc_sys_reset_1_0/bd_DAW_proc_sys_reset_1_0_board.xdc] for cell 'bd_DAW_i/proc_sys_reset_1/U0'
Finished Parsing XDC File [d:/Documenti/LEZIONI/Digital Electronic System Design/Project/DAW/DAW.gen/sources_1/bd/bd_DAW/ip/bd_DAW_proc_sys_reset_1_0/bd_DAW_proc_sys_reset_1_0_board.xdc] for cell 'bd_DAW_i/proc_sys_reset_1/U0'
Parsing XDC File [d:/Documenti/LEZIONI/Digital Electronic System Design/Project/DAW/DAW.gen/sources_1/bd/bd_DAW/ip/bd_DAW_proc_sys_reset_1_0/bd_DAW_proc_sys_reset_1_0.xdc] for cell 'bd_DAW_i/proc_sys_reset_1/U0'
Finished Parsing XDC File [d:/Documenti/LEZIONI/Digital Electronic System Design/Project/DAW/DAW.gen/sources_1/bd/bd_DAW/ip/bd_DAW_proc_sys_reset_1_0/bd_DAW_proc_sys_reset_1_0.xdc] for cell 'bd_DAW_i/proc_sys_reset_1/U0'
Parsing XDC File [d:/Documenti/LEZIONI/Digital Electronic System Design/Project/DAW/DAW.gen/sources_1/bd/bd_DAW/ip/bd_DAW_AXI4Stream_UART_0_0/bd_DAW_AXI4Stream_UART_0_0_board.xdc] for cell 'bd_DAW_i/AXI4Stream_UART_0/U0'
Finished Parsing XDC File [d:/Documenti/LEZIONI/Digital Electronic System Design/Project/DAW/DAW.gen/sources_1/bd/bd_DAW/ip/bd_DAW_AXI4Stream_UART_0_0/bd_DAW_AXI4Stream_UART_0_0_board.xdc] for cell 'bd_DAW_i/AXI4Stream_UART_0/U0'
Parsing XDC File [D:/Documenti/LEZIONI/Digital Electronic System Design/Project/DAW/DAW.srcs/constrs_1/new/pins.xdc]
CRITICAL WARNING: [Designutils 20-1307] Command '--' is not supported in the xdc constraint file. [D:/Documenti/LEZIONI/Digital Electronic System Design/Project/DAW/DAW.srcs/constrs_1/new/pins.xdc:10]
Finished Parsing XDC File [D:/Documenti/LEZIONI/Digital Electronic System Design/Project/DAW/DAW.srcs/constrs_1/new/pins.xdc]
INFO: [Project 1-1715] 3 XPM XDC files have been applied to the design.
INFO: [Opt 31-138] Pushed 0 inverter(s) to 0 load pin(s).
Netlist sorting complete. Time (s): cpu = 00:00:00 ; elapsed = 00:00:00.002 . Memory (MB): peak = 3762.891 ; gain = 0.000
INFO: [Project 1-111] Unisim Transformation Summary:
No Unisim elements were transformed.

open_run: Time (s): cpu = 00:00:42 ; elapsed = 00:00:37 . Memory (MB): peak = 3783.891 ; gain = 894.938
ERROR: [Labtoolstcl 44-513] HW Target shutdown. Closing target: localhost:3121/xilinx_tcf/Digilent/210183ACAD8EA
exit
INFO: [Common 17-206] Exiting Vivado at Tue May 18 22:18:18 2021...
