#-----------------------------------------------------------
# Vivado v2020.2 (64-bit)
# SW Build 3064766 on Wed Nov 18 09:12:45 MST 2020
# IP Build 3064653 on Wed Nov 18 14:17:31 MST 2020
# Start of session at: Wed May 19 17:53:04 2021
# Process ID: 21288
# Current directory: C:/Users/SimoGein/Desktop/DESD/VHDL_Project_Local/LAB2/project_3
# Command line: vivado.exe -gui_launcher_event rodinguilauncherevent436 C:\Users\SimoGein\Desktop\DESD\VHDL_Project_Local\LAB2\project_3\project_3.xpr
# Log file: C:/Users/SimoGein/Desktop/DESD/VHDL_Project_Local/LAB2/project_3/vivado.log
# Journal file: C:/Users/SimoGein/Desktop/DESD/VHDL_Project_Local/LAB2/project_3\vivado.jou
#-----------------------------------------------------------
start_gui
open_project C:/Users/SimoGein/Desktop/DESD/VHDL_Project_Local/LAB2/project_3/project_3.xpr
Scanning sources...
Finished scanning sources
INFO: [IP_Flow 19-234] Refreshing IP repositories
INFO: [IP_Flow 19-1700] Loaded user IP repository 'c:/Users/SimoGein/Desktop/DESD/VHDL_Project_Local/LAB2/project_3/lib'.
INFO: [IP_Flow 19-2313] Loaded Vivado IP repository 'C:/Xilinx/Vivado/2020.2/data/ip'.
open_project: Time (s): cpu = 00:00:33 ; elapsed = 00:00:18 . Memory (MB): peak = 1003.289 ; gain = 0.000
open_bd_design {C:/Users/SimoGein/Desktop/DESD/VHDL_Project_Local/LAB2/project_3/project_3.srcs/sources_1/bd/design_1/design_1.bd}
Reading block design file <C:/Users/SimoGein/Desktop/DESD/VHDL_Project_Local/LAB2/project_3/project_3.srcs/sources_1/bd/design_1/design_1.bd>...
Adding component instance block -- xilinx.com:module_ref:AXI4StreamDataOut:1.0 - AXI4StreamDataOut_0
Adding component instance block -- xilinx.com:ip:clk_wiz:6.0 - clk_wiz_0
Adding component instance block -- xilinx.com:ip:proc_sys_reset:5.0 - proc_sys_reset_0
Adding component instance block -- DigiLAB:ip:AXI4Stream_UART:1.1 - AXI4Stream_UART_0
Adding component instance block -- xilinx.com:ip:system_ila:1.1 - system_ila_0
Adding component instance block -- xilinx.com:module_ref:AXI4StreamDataIn:1.0 - AXI4StreamDataIn_0
Successfully read diagram <design_1> from block design file <C:/Users/SimoGein/Desktop/DESD/VHDL_Project_Local/LAB2/project_3/project_3.srcs/sources_1/bd/design_1/design_1.bd>
open_bd_design: Time (s): cpu = 00:00:32 ; elapsed = 00:00:28 . Memory (MB): peak = 1003.289 ; gain = 0.000
update_compile_order -fileset sources_1
open_run synth_1 -name synth_1
Design is defaulting to impl run constrset: constrs_1
Design is defaulting to synth run part: xc7a35tcpg236-1
INFO: [Device 21-403] Loading part xc7a35tcpg236-1
INFO: [Project 1-454] Reading design checkpoint 'c:/Users/SimoGein/Desktop/DESD/VHDL_Project_Local/LAB2/project_3/project_3.gen/sources_1/bd/design_1/ip/design_1_AXI4StreamDataIn_0_0/design_1_AXI4StreamDataIn_0_0.dcp' for cell 'design_1_i/AXI4StreamDataIn_0'
INFO: [Project 1-454] Reading design checkpoint 'c:/Users/SimoGein/Desktop/DESD/VHDL_Project_Local/LAB2/project_3/project_3.gen/sources_1/bd/design_1/ip/design_1_AXI4StreamDataOut_0_0/design_1_AXI4StreamDataOut_0_0.dcp' for cell 'design_1_i/AXI4StreamDataOut_0'
INFO: [Project 1-454] Reading design checkpoint 'c:/Users/SimoGein/Desktop/DESD/VHDL_Project_Local/LAB2/project_3/project_3.gen/sources_1/bd/design_1/ip/design_1_AXI4Stream_UART_0_0/design_1_AXI4Stream_UART_0_0.dcp' for cell 'design_1_i/AXI4Stream_UART_0'
INFO: [Project 1-454] Reading design checkpoint 'c:/Users/SimoGein/Desktop/DESD/VHDL_Project_Local/LAB2/project_3/project_3.gen/sources_1/bd/design_1/ip/design_1_clk_wiz_0_0/design_1_clk_wiz_0_0.dcp' for cell 'design_1_i/clk_wiz_0'
INFO: [Project 1-454] Reading design checkpoint 'c:/Users/SimoGein/Desktop/DESD/VHDL_Project_Local/LAB2/project_3/project_3.gen/sources_1/bd/design_1/ip/design_1_proc_sys_reset_0_0/design_1_proc_sys_reset_0_0.dcp' for cell 'design_1_i/proc_sys_reset_0'
INFO: [Project 1-454] Reading design checkpoint 'c:/Users/SimoGein/Desktop/DESD/VHDL_Project_Local/LAB2/project_3/project_3.gen/sources_1/bd/design_1/ip/design_1_system_ila_0_0/design_1_system_ila_0_0.dcp' for cell 'design_1_i/system_ila_0'
Netlist sorting complete. Time (s): cpu = 00:00:00 ; elapsed = 00:00:00.131 . Memory (MB): peak = 1207.898 ; gain = 0.000
INFO: [Netlist 29-17] Analyzing 247 Unisim elements for replacement
INFO: [Netlist 29-28] Unisim Transformation completed in 0 CPU seconds
INFO: [Project 1-479] Netlist was created with Vivado 2020.2
INFO: [Project 1-570] Preparing netlist for logic optimization
INFO: [Chipscope 16-324] Core: design_1_i/system_ila_0/U0/ila_lib UUID: e0698dbb-7e4f-5bce-a82c-fc5d3d48baa4 
Parsing XDC File [c:/Users/SimoGein/Desktop/DESD/VHDL_Project_Local/LAB2/project_3/project_3.gen/sources_1/bd/design_1/ip/design_1_clk_wiz_0_0/design_1_clk_wiz_0_0_board.xdc] for cell 'design_1_i/clk_wiz_0/inst'
Finished Parsing XDC File [c:/Users/SimoGein/Desktop/DESD/VHDL_Project_Local/LAB2/project_3/project_3.gen/sources_1/bd/design_1/ip/design_1_clk_wiz_0_0/design_1_clk_wiz_0_0_board.xdc] for cell 'design_1_i/clk_wiz_0/inst'
Parsing XDC File [c:/Users/SimoGein/Desktop/DESD/VHDL_Project_Local/LAB2/project_3/project_3.gen/sources_1/bd/design_1/ip/design_1_clk_wiz_0_0/design_1_clk_wiz_0_0.xdc] for cell 'design_1_i/clk_wiz_0/inst'
INFO: [Timing 38-35] Done setting XDC timing constraints. [c:/Users/SimoGein/Desktop/DESD/VHDL_Project_Local/LAB2/project_3/project_3.gen/sources_1/bd/design_1/ip/design_1_clk_wiz_0_0/design_1_clk_wiz_0_0.xdc:57]
INFO: [Timing 38-2] Deriving generated clocks [c:/Users/SimoGein/Desktop/DESD/VHDL_Project_Local/LAB2/project_3/project_3.gen/sources_1/bd/design_1/ip/design_1_clk_wiz_0_0/design_1_clk_wiz_0_0.xdc:57]
Finished Parsing XDC File [c:/Users/SimoGein/Desktop/DESD/VHDL_Project_Local/LAB2/project_3/project_3.gen/sources_1/bd/design_1/ip/design_1_clk_wiz_0_0/design_1_clk_wiz_0_0.xdc] for cell 'design_1_i/clk_wiz_0/inst'
Parsing XDC File [c:/Users/SimoGein/Desktop/DESD/VHDL_Project_Local/LAB2/project_3/project_3.gen/sources_1/bd/design_1/ip/design_1_proc_sys_reset_0_0/design_1_proc_sys_reset_0_0_board.xdc] for cell 'design_1_i/proc_sys_reset_0/U0'
Finished Parsing XDC File [c:/Users/SimoGein/Desktop/DESD/VHDL_Project_Local/LAB2/project_3/project_3.gen/sources_1/bd/design_1/ip/design_1_proc_sys_reset_0_0/design_1_proc_sys_reset_0_0_board.xdc] for cell 'design_1_i/proc_sys_reset_0/U0'
Parsing XDC File [c:/Users/SimoGein/Desktop/DESD/VHDL_Project_Local/LAB2/project_3/project_3.gen/sources_1/bd/design_1/ip/design_1_proc_sys_reset_0_0/design_1_proc_sys_reset_0_0.xdc] for cell 'design_1_i/proc_sys_reset_0/U0'
Finished Parsing XDC File [c:/Users/SimoGein/Desktop/DESD/VHDL_Project_Local/LAB2/project_3/project_3.gen/sources_1/bd/design_1/ip/design_1_proc_sys_reset_0_0/design_1_proc_sys_reset_0_0.xdc] for cell 'design_1_i/proc_sys_reset_0/U0'
Parsing XDC File [c:/Users/SimoGein/Desktop/DESD/VHDL_Project_Local/LAB2/project_3/project_3.gen/sources_1/bd/design_1/ip/design_1_AXI4Stream_UART_0_0/design_1_AXI4Stream_UART_0_0_board.xdc] for cell 'design_1_i/AXI4Stream_UART_0/U0'
Finished Parsing XDC File [c:/Users/SimoGein/Desktop/DESD/VHDL_Project_Local/LAB2/project_3/project_3.gen/sources_1/bd/design_1/ip/design_1_AXI4Stream_UART_0_0/design_1_AXI4Stream_UART_0_0_board.xdc] for cell 'design_1_i/AXI4Stream_UART_0/U0'
Parsing XDC File [c:/Users/SimoGein/Desktop/DESD/VHDL_Project_Local/LAB2/project_3/project_3.gen/sources_1/bd/design_1/ip/design_1_system_ila_0_0/bd_0/ip/ip_0/ila_v6_2/constraints/ila_impl.xdc] for cell 'design_1_i/system_ila_0/U0/ila_lib/U0'
Finished Parsing XDC File [c:/Users/SimoGein/Desktop/DESD/VHDL_Project_Local/LAB2/project_3/project_3.gen/sources_1/bd/design_1/ip/design_1_system_ila_0_0/bd_0/ip/ip_0/ila_v6_2/constraints/ila_impl.xdc] for cell 'design_1_i/system_ila_0/U0/ila_lib/U0'
Parsing XDC File [c:/Users/SimoGein/Desktop/DESD/VHDL_Project_Local/LAB2/project_3/project_3.gen/sources_1/bd/design_1/ip/design_1_system_ila_0_0/bd_0/ip/ip_0/ila_v6_2/constraints/ila.xdc] for cell 'design_1_i/system_ila_0/U0/ila_lib/U0'
Finished Parsing XDC File [c:/Users/SimoGein/Desktop/DESD/VHDL_Project_Local/LAB2/project_3/project_3.gen/sources_1/bd/design_1/ip/design_1_system_ila_0_0/bd_0/ip/ip_0/ila_v6_2/constraints/ila.xdc] for cell 'design_1_i/system_ila_0/U0/ila_lib/U0'
WARNING: [XPM_CDC_GRAY: TCL-1000] The source and destination clocks are the same. 
     Instance: design_1_i/AXI4Stream_UART_0/U0/FIFO_DATA_RX/gnuram_async_fifo.xpm_fifo_base_inst/gen_cdc_pntr.rd_pntr_cdc_inst 
  This will add unnecessary latency to the design. Please check the design for the following: 
 1) Manually instantiated XPM_CDC modules: Xilinx recommends that you remove these modules. 
 2) Xilinx IP that contains XPM_CDC modules: Verify the connections to the IP to determine whether you can safely ignore this message.
 [C:/Xilinx/Vivado/2020.2/data/ip/xpm/xpm_cdc/tcl/xpm_cdc_gray.tcl:16]
WARNING: [XPM_CDC_GRAY: TCL-1000] The source and destination clocks are the same. 
     Instance: design_1_i/AXI4Stream_UART_0/U0/FIFO_DATA_TX/gnuram_async_fifo.xpm_fifo_base_inst/gen_cdc_pntr.wr_pntr_cdc_inst 
  This will add unnecessary latency to the design. Please check the design for the following: 
 1) Manually instantiated XPM_CDC modules: Xilinx recommends that you remove these modules. 
 2) Xilinx IP that contains XPM_CDC modules: Verify the connections to the IP to determine whether you can safely ignore this message.
 [C:/Xilinx/Vivado/2020.2/data/ip/xpm/xpm_cdc/tcl/xpm_cdc_gray.tcl:16]
WARNING: [XPM_CDC_GRAY: TCL-1000] The source and destination clocks are the same. 
     Instance: design_1_i/AXI4Stream_UART_0/U0/FIFO_DATA_TX/gnuram_async_fifo.xpm_fifo_base_inst/gen_cdc_pntr.rd_pntr_cdc_inst 
  This will add unnecessary latency to the design. Please check the design for the following: 
 1) Manually instantiated XPM_CDC modules: Xilinx recommends that you remove these modules. 
 2) Xilinx IP that contains XPM_CDC modules: Verify the connections to the IP to determine whether you can safely ignore this message.
 [C:/Xilinx/Vivado/2020.2/data/ip/xpm/xpm_cdc/tcl/xpm_cdc_gray.tcl:16]
WARNING: [XPM_CDC_GRAY: TCL-1000] The source and destination clocks are the same. 
     Instance: design_1_i/AXI4Stream_UART_0/U0/FIFO_DATA_RX/gnuram_async_fifo.xpm_fifo_base_inst/gen_cdc_pntr.wr_pntr_cdc_inst 
  This will add unnecessary latency to the design. Please check the design for the following: 
 1) Manually instantiated XPM_CDC modules: Xilinx recommends that you remove these modules. 
 2) Xilinx IP that contains XPM_CDC modules: Verify the connections to the IP to determine whether you can safely ignore this message.
 [C:/Xilinx/Vivado/2020.2/data/ip/xpm/xpm_cdc/tcl/xpm_cdc_gray.tcl:16]
WARNING: [XPM_CDC_GRAY: TCL-1000] The source and destination clocks are the same. 
     Instance: design_1_i/AXI4Stream_UART_0/U0/FIFO_DATA_RX/gnuram_async_fifo.xpm_fifo_base_inst/gen_cdc_pntr.wr_pntr_cdc_dc_inst 
  This will add unnecessary latency to the design. Please check the design for the following: 
 1) Manually instantiated XPM_CDC modules: Xilinx recommends that you remove these modules. 
 2) Xilinx IP that contains XPM_CDC modules: Verify the connections to the IP to determine whether you can safely ignore this message.
 [C:/Xilinx/Vivado/2020.2/data/ip/xpm/xpm_cdc/tcl/xpm_cdc_gray.tcl:16]
WARNING: [XPM_CDC_GRAY: TCL-1000] The source and destination clocks are the same. 
     Instance: design_1_i/AXI4Stream_UART_0/U0/FIFO_DATA_TX/gnuram_async_fifo.xpm_fifo_base_inst/gen_cdc_pntr.wr_pntr_cdc_dc_inst 
  This will add unnecessary latency to the design. Please check the design for the following: 
 1) Manually instantiated XPM_CDC modules: Xilinx recommends that you remove these modules. 
 2) Xilinx IP that contains XPM_CDC modules: Verify the connections to the IP to determine whether you can safely ignore this message.
 [C:/Xilinx/Vivado/2020.2/data/ip/xpm/xpm_cdc/tcl/xpm_cdc_gray.tcl:16]
WARNING: [XPM_CDC_GRAY: TCL-1000] The source and destination clocks are the same. 
     Instance: design_1_i/AXI4Stream_UART_0/U0/FIFO_DATA_RX/gnuram_async_fifo.xpm_fifo_base_inst/gen_cdc_pntr.rd_pntr_cdc_dc_inst 
  This will add unnecessary latency to the design. Please check the design for the following: 
 1) Manually instantiated XPM_CDC modules: Xilinx recommends that you remove these modules. 
 2) Xilinx IP that contains XPM_CDC modules: Verify the connections to the IP to determine whether you can safely ignore this message.
 [C:/Xilinx/Vivado/2020.2/data/ip/xpm/xpm_cdc/tcl/xpm_cdc_gray.tcl:16]
WARNING: [XPM_CDC_GRAY: TCL-1000] The source and destination clocks are the same. 
     Instance: design_1_i/AXI4Stream_UART_0/U0/FIFO_DATA_TX/gnuram_async_fifo.xpm_fifo_base_inst/gen_cdc_pntr.rd_pntr_cdc_dc_inst 
  This will add unnecessary latency to the design. Please check the design for the following: 
 1) Manually instantiated XPM_CDC modules: Xilinx recommends that you remove these modules. 
 2) Xilinx IP that contains XPM_CDC modules: Verify the connections to the IP to determine whether you can safely ignore this message.
 [C:/Xilinx/Vivado/2020.2/data/ip/xpm/xpm_cdc/tcl/xpm_cdc_gray.tcl:16]
INFO: [Project 1-1715] 3 XPM XDC files have been applied to the design.
INFO: [Opt 31-138] Pushed 0 inverter(s) to 0 load pin(s).
Netlist sorting complete. Time (s): cpu = 00:00:00 ; elapsed = 00:00:00.005 . Memory (MB): peak = 1906.367 ; gain = 0.000
INFO: [Project 1-111] Unisim Transformation Summary:
  A total of 116 instances were transformed.
  CFGLUT5 => CFGLUT5 (SRL16E, SRLC32E): 116 instances

open_run: Time (s): cpu = 00:00:45 ; elapsed = 00:00:37 . Memory (MB): peak = 1930.648 ; gain = 927.359
exit
INFO: [Common 17-206] Exiting Vivado at Wed May 19 17:59:35 2021...
