Copyright 1986-2020 Xilinx, Inc. All Rights Reserved.
----------------------------------------------------------------------------------------------------------------------------------------------------------------
| Tool Version     : Vivado v.2020.2 (win64) Build 3064766 Wed Nov 18 09:12:45 MST 2020
| Date             : Fri May 28 19:22:44 2021
| Host             : DESKTOP-RD2OQRJ running 64-bit major release  (build 9200)
| Command          : report_power -file bd_DAW_wrapper_power_routed.rpt -pb bd_DAW_wrapper_power_summary_routed.pb -rpx bd_DAW_wrapper_power_routed.rpx
| Design           : bd_DAW_wrapper
| Device           : xc7a35tcpg236-1
| Design State     : routed
| Grade            : commercial
| Process          : typical
| Characterization : Production
----------------------------------------------------------------------------------------------------------------------------------------------------------------

Power Report

Table of Contents
-----------------
1. Summary
1.1 On-Chip Components
1.2 Power Supply Summary
1.3 Confidence Level
2. Settings
2.1 Environment
2.2 Clock Constraints
3. Detailed Reports
3.1 By Hierarchy

1. Summary
----------

+--------------------------+--------------+
| Total On-Chip Power (W)  | 0.237        |
| Design Power Budget (W)  | Unspecified* |
| Power Budget Margin (W)  | NA           |
| Dynamic (W)              | 0.165        |
| Device Static (W)        | 0.072        |
| Effective TJA (C/W)      | 5.0          |
| Max Ambient (C)          | 83.8         |
| Junction Temperature (C) | 26.2         |
| Confidence Level         | Low          |
| Setting File             | ---          |
| Simulation Activity File | ---          |
| Design Nets Matched      | NA           |
+--------------------------+--------------+
* Specify Design Power Budget using, set_operating_conditions -design_power_budget <value in Watts>


1.1 On-Chip Components
----------------------

+-------------------------+-----------+----------+-----------+-----------------+
| On-Chip                 | Power (W) | Used     | Available | Utilization (%) |
+-------------------------+-----------+----------+-----------+-----------------+
| Clocks                  |     0.008 |        6 |       --- |             --- |
| Slice Logic             |     0.005 |     1993 |       --- |             --- |
|   LUT as Logic          |     0.004 |      593 |     20800 |            2.85 |
|   CARRY4                |    <0.001 |       70 |      8150 |            0.86 |
|   Register              |    <0.001 |      991 |     41600 |            2.38 |
|   LUT as Shift Register |    <0.001 |       50 |      9600 |            0.52 |
|   Others                |     0.000 |      103 |       --- |             --- |
| Signals                 |     0.006 |     1341 |       --- |             --- |
| Block RAM               |    <0.001 |        1 |        50 |            2.00 |
| PLL                     |     0.137 |        1 |         5 |           20.00 |
| I/O                     |     0.009 |       25 |       106 |           23.58 |
| Static Power            |     0.072 |          |           |                 |
| Total                   |     0.237 |          |           |                 |
+-------------------------+-----------+----------+-----------+-----------------+


1.2 Power Supply Summary
------------------------

+-----------+-------------+-----------+-------------+------------+-------------+-------------+------------+
| Source    | Voltage (V) | Total (A) | Dynamic (A) | Static (A) | Powerup (A) | Budget (A)  | Margin (A) |
+-----------+-------------+-----------+-------------+------------+-------------+-------------+------------+
| Vccint    |       1.000 |     0.043 |       0.033 |      0.010 |       NA    | Unspecified | NA         |
| Vccaux    |       1.800 |     0.081 |       0.069 |      0.013 |       NA    | Unspecified | NA         |
| Vcco33    |       3.300 |     0.003 |       0.002 |      0.001 |       NA    | Unspecified | NA         |
| Vcco25    |       2.500 |     0.000 |       0.000 |      0.000 |       NA    | Unspecified | NA         |
| Vcco18    |       1.800 |     0.000 |       0.000 |      0.000 |       NA    | Unspecified | NA         |
| Vcco15    |       1.500 |     0.000 |       0.000 |      0.000 |       NA    | Unspecified | NA         |
| Vcco135   |       1.350 |     0.000 |       0.000 |      0.000 |       NA    | Unspecified | NA         |
| Vcco12    |       1.200 |     0.000 |       0.000 |      0.000 |       NA    | Unspecified | NA         |
| Vccaux_io |       1.800 |     0.000 |       0.000 |      0.000 |       NA    | Unspecified | NA         |
| Vccbram   |       1.000 |     0.000 |       0.000 |      0.000 |       NA    | Unspecified | NA         |
| MGTAVcc   |       1.000 |     0.000 |       0.000 |      0.000 |       NA    | Unspecified | NA         |
| MGTAVtt   |       1.200 |     0.000 |       0.000 |      0.000 |       NA    | Unspecified | NA         |
| Vccadc    |       1.800 |     0.020 |       0.000 |      0.020 |       NA    | Unspecified | NA         |
+-----------+-------------+-----------+-------------+------------+-------------+-------------+------------+


1.3 Confidence Level
--------------------

+-----------------------------+------------+--------------------------------------------------------+------------------------------------------------------------------------------------------------------------+
| User Input Data             | Confidence | Details                                                | Action                                                                                                     |
+-----------------------------+------------+--------------------------------------------------------+------------------------------------------------------------------------------------------------------------+
| Design implementation state | High       | Design is routed                                       |                                                                                                            |
| Clock nodes activity        | High       | User specified more than 95% of clocks                 |                                                                                                            |
| I/O nodes activity          | Low        | More than 75% of inputs are missing user specification | Provide missing input activity with simulation results or by editing the "By Resource Type -> I/Os" view   |
| Internal nodes activity     | Medium     | User specified less than 25% of internal nodes         | Provide missing internal nodes activity with simulation results or by editing the "By Resource Type" views |
| Device models               | High       | Device models are Production                           |                                                                                                            |
|                             |            |                                                        |                                                                                                            |
| Overall confidence level    | Low        |                                                        |                                                                                                            |
+-----------------------------+------------+--------------------------------------------------------+------------------------------------------------------------------------------------------------------------+


2. Settings
-----------

2.1 Environment
---------------

+-----------------------+--------------------------+
| Ambient Temp (C)      | 25.0                     |
| ThetaJA (C/W)         | 5.0                      |
| Airflow (LFM)         | 250                      |
| Heat Sink             | medium (Medium Profile)  |
| ThetaSA (C/W)         | 4.6                      |
| Board Selection       | medium (10"x10")         |
| # of Board Layers     | 12to15 (12 to 15 Layers) |
| Board Temperature (C) | 25.0                     |
+-----------------------+--------------------------+


2.2 Clock Constraints
---------------------

+-----------------------------+-----------------------------------------------------+-----------------+
| Clock                       | Domain                                              | Constraint (ns) |
+-----------------------------+-----------------------------------------------------+-----------------+
| clk_out1_bd_DAW_clk_wiz_0_0 | bd_DAW_i/clk_wiz_0/inst/clk_out1_bd_DAW_clk_wiz_0_0 |            15.7 |
| clk_out2_bd_DAW_clk_wiz_0_0 | bd_DAW_i/clk_wiz_0/inst/clk_out2_bd_DAW_clk_wiz_0_0 |             3.9 |
| clkfbout_bd_DAW_clk_wiz_0_0 | bd_DAW_i/clk_wiz_0/inst/clkfbout_bd_DAW_clk_wiz_0_0 |            30.0 |
| sys_clock                   | sys_clock                                           |            10.0 |
+-----------------------------+-----------------------------------------------------+-----------------+


3. Detailed Reports
-------------------

3.1 By Hierarchy
----------------

+----------------------------+-----------+
| Name                       | Power (W) |
+----------------------------+-----------+
| bd_DAW_wrapper             |     0.165 |
|   bd_DAW_i                 |     0.156 |
|     AXI4Stream_UART_0      |     0.007 |
|       U0                   |     0.007 |
|     AXI4_S_interface_FSM_0 |     0.004 |
|       U0                   |     0.004 |
|     clk_wiz_0              |     0.137 |
|       inst                 |     0.137 |
|     debouncer_0            |     0.001 |
|       U0                   |     0.001 |
|     debouncer_1            |     0.001 |
|       U0                   |     0.001 |
|     depacketizer_0         |     0.001 |
|       U0                   |     0.001 |
|     volume_controller_0    |     0.003 |
|       U0                   |     0.003 |
+----------------------------+-----------+


