Copyright 1986-2020 Xilinx, Inc. All Rights Reserved.
---------------------------------------------------------------------------------------------
| Tool Version : Vivado v.2020.2 (win64) Build 3064766 Wed Nov 18 09:12:45 MST 2020
| Date         : Sun May 23 20:57:58 2021
| Host         : DESKTOP-6KTOIJJ running 64-bit major release  (build 9200)
| Command      : report_control_sets -verbose -file design_1_wrapper_control_sets_placed.rpt
| Design       : design_1_wrapper
| Device       : xc7a35t
---------------------------------------------------------------------------------------------

Control Set Information

Table of Contents
-----------------
1. Summary
2. Histogram
3. Flip-Flop Distribution
4. Detailed Control Set Information

1. Summary
----------

+----------------------------------------------------------+-------+
|                          Status                          | Count |
+----------------------------------------------------------+-------+
| Total control sets                                       |    52 |
|    Minimum number of control sets                        |    52 |
|    Addition due to synthesis replication                 |     0 |
|    Addition due to physical synthesis replication        |     0 |
| Unused register locations in slices containing registers |   192 |
+----------------------------------------------------------+-------+
* Control sets can be merged at opt_design using control_set_merge or merge_equivalent_drivers
** Run report_qor_suggestions for automated merging and remapping suggestions


2. Histogram
------------

+--------------------+-------+
|       Fanout       | Count |
+--------------------+-------+
| Total control sets |    52 |
| >= 0 to < 4        |     8 |
| >= 4 to < 6        |    11 |
| >= 6 to < 8        |     4 |
| >= 8 to < 10       |     3 |
| >= 10 to < 12      |     2 |
| >= 12 to < 14      |     2 |
| >= 14 to < 16      |     2 |
| >= 16              |    20 |
+--------------------+-------+
* Control sets can be remapped at either synth_design or opt_design


3. Flip-Flop Distribution
-------------------------

+--------------+-----------------------+------------------------+-----------------+--------------+
| Clock Enable | Synchronous Set/Reset | Asynchronous Set/Reset | Total Registers | Total Slices |
+--------------+-----------------------+------------------------+-----------------+--------------+
| No           | No                    | No                     |             215 |           56 |
| No           | No                    | Yes                    |              13 |            7 |
| No           | Yes                   | No                     |              97 |           35 |
| Yes          | No                    | No                     |             173 |           59 |
| Yes          | No                    | Yes                    |             126 |           33 |
| Yes          | Yes                   | No                     |             184 |           46 |
+--------------+-----------------------+------------------------+-----------------+--------------+


4. Detailed Control Set Information
-----------------------------------

+----------------------------------------------------------+----------------------------------------------------------------------------------------------------------+------------------------------------------------------------------------------------------------------------------------------------------------------+------------------+----------------+--------------+
|                       Clock Signal                       |                                               Enable Signal                                              |                                                                   Set/Reset Signal                                                                   | Slice Load Count | Bel Load Count | Bels / Slice |
+----------------------------------------------------------+----------------------------------------------------------------------------------------------------------+------------------------------------------------------------------------------------------------------------------------------------------------------+------------------+----------------+--------------+
|  design_1_i/debouncer_1/U0/debounced_int_reg_LDC_i_1_n_0 |                                                                                                          | design_1_i/debouncer_1/U0/debounced_int_reg_LDC_i_2_n_0                                                                                              |                1 |              1 |         1.00 |
|  design_1_i/clk_wiz_0/inst/sys_clk                       |                                                                                                          | design_1_i/debouncer_0/U0/debounced_int_reg_LDC_i_1_n_0                                                                                              |                1 |              1 |         1.00 |
|  design_1_i/clk_wiz_0/inst/sys_clk                       |                                                                                                          | design_1_i/debouncer_0/U0/debounced_int_reg_LDC_i_2_n_0                                                                                              |                1 |              1 |         1.00 |
|  design_1_i/debouncer_0/U0/debounced_int_reg_LDC_i_1_n_0 |                                                                                                          | design_1_i/debouncer_0/U0/debounced_int_reg_LDC_i_2_n_0                                                                                              |                1 |              1 |         1.00 |
|  design_1_i/clk_wiz_0/inst/sys_clk                       |                                                                                                          | design_1_i/debouncer_1/U0/debounced_int_reg_LDC_i_2_n_0                                                                                              |                1 |              1 |         1.00 |
|  design_1_i/clk_wiz_0/inst/sys_clk                       |                                                                                                          | design_1_i/debouncer_1/U0/debounced_int_reg_LDC_i_1_n_0                                                                                              |                1 |              1 |         1.00 |
|  design_1_i/clk_wiz_0/inst/sys_clk                       | design_1_i/depacketizer_0/U0/FSM_sequential_state[2]_i_1_n_0                                             | design_1_i/depacketizer_0/U0/FSM_sequential_state[2]_i_3_n_0                                                                                         |                3 |              3 |         1.00 |
|  design_1_i/clk_wiz_0/inst/sys_clk                       | design_1_i/packetizer_0/U0/FSM_sequential_state[2]_i_1_n_0                                               | design_1_i/packetizer_0/U0/FSM_sequential_state[2]_i_3_n_0                                                                                           |                1 |              3 |         3.00 |
|  design_1_i/clk_wiz_0/inst/sys_clk                       |                                                                                                          | design_1_i/AXI4Stream_UART_0/U0/FIFO_DATA_TX/gnuram_async_fifo.xpm_fifo_base_inst/xpm_fifo_rst_inst/FSM_onehot_gen_rst_ic.curr_wrst_state[4]_i_1_n_0 |                2 |              4 |         2.00 |
|  design_1_i/clk_wiz_0/inst/sys_clk                       | design_1_i/mobile_mean_filter_0/U0/state_n_0                                                             | design_1_i/mobile_mean_filter_0/U0/FSM_onehot_state[1]_i_2_n_0                                                                                       |                1 |              4 |         4.00 |
|  design_1_i/clk_wiz_0/inst/uart_clk                      |                                                                                                          | design_1_i/proc_sys_reset_1/U0/EXT_LPF/lpf_int                                                                                                       |                2 |              4 |         2.00 |
|  design_1_i/clk_wiz_0/inst/sys_clk                       |                                                                                                          | design_1_i/proc_sys_reset_0/U0/EXT_LPF/lpf_int                                                                                                       |                1 |              4 |         4.00 |
|  design_1_i/clk_wiz_0/inst/uart_clk                      |                                                                                                          | design_1_i/AXI4Stream_UART_0/U0/FIFO_DATA_RX/gnuram_async_fifo.xpm_fifo_base_inst/xpm_fifo_rst_inst/FSM_onehot_gen_rst_ic.curr_wrst_state[4]_i_1_n_0 |                1 |              4 |         4.00 |
|  design_1_i/clk_wiz_0/inst/sys_clk                       |                                                                                                          | design_1_i/proc_sys_reset_0/U0/peripheral_reset[0]                                                                                                   |                1 |              4 |         4.00 |
|  design_1_i/clk_wiz_0/inst/uart_clk                      | design_1_i/AXI4Stream_UART_0/U0/UART_Manager_inst/Inst_uart/rx_baud_tick                                 |                                                                                                                                                      |                1 |              4 |         4.00 |
|  design_1_i/clk_wiz_0/inst/sys_clk                       | design_1_i/mute_controller_0/U0/state_n_0                                                                | design_1_i/mute_controller_0/U0/FSM_onehot_state[1]_i_2_n_0                                                                                          |                1 |              4 |         4.00 |
|  design_1_i/clk_wiz_0/inst/sys_clk                       | design_1_i/volume_controller_0/U0/FSM_onehot_state[1]_i_1_n_0                                            | design_1_i/volume_controller_0/U0/FSM_onehot_state[1]_i_3_n_0                                                                                        |                1 |              4 |         4.00 |
|  design_1_i/clk_wiz_0/inst/sys_clk                       | design_1_i/depacketizer_0/U0/p_0_in[15]                                                                  | design_1_i/depacketizer_0/U0/data_sr[0][15]_i_1_n_0                                                                                                  |                2 |              5 |         2.50 |
|  design_1_i/clk_wiz_0/inst/sys_clk                       | design_1_i/depacketizer_0/U0/m_axis_tlast_int0                                                           | design_1_i/depacketizer_0/U0/m_axis_tlast_int_i_1_n_0                                                                                                |                2 |              5 |         2.50 |
|  design_1_i/clk_wiz_0/inst/sys_clk                       | design_1_i/packetizer_0/U0/words_counter0                                                                |                                                                                                                                                      |                2 |              6 |         3.00 |
|  design_1_i/clk_wiz_0/inst/sys_clk                       | design_1_i/depacketizer_0/U0/rx_bytes_counter0                                                           |                                                                                                                                                      |                2 |              6 |         3.00 |
|  design_1_i/clk_wiz_0/inst/sys_clk                       | design_1_i/proc_sys_reset_0/U0/SEQ/seq_cnt_en                                                            | design_1_i/proc_sys_reset_0/U0/SEQ/SEQ_COUNTER/clear                                                                                                 |                1 |              6 |         6.00 |
|  design_1_i/clk_wiz_0/inst/uart_clk                      | design_1_i/proc_sys_reset_1/U0/SEQ/seq_cnt_en                                                            | design_1_i/proc_sys_reset_1/U0/SEQ/SEQ_COUNTER/clear                                                                                                 |                1 |              6 |         6.00 |
|  design_1_i/clk_wiz_0/inst/uart_clk                      | design_1_i/AXI4Stream_UART_0/U0/UART_Manager_inst/Inst_uart/E[0]                                         | design_1_i/proc_sys_reset_1/U0/peripheral_reset[0]                                                                                                   |                1 |              8 |         8.00 |
|  design_1_i/clk_wiz_0/inst/uart_clk                      | design_1_i/AXI4Stream_UART_0/U0/UART_Manager_inst/data_stream_in[7]_i_1_n_0                              | design_1_i/proc_sys_reset_1/U0/peripheral_reset[0]                                                                                                   |                1 |              8 |         8.00 |
|  design_1_i/clk_wiz_0/inst/sys_clk                       | design_1_i/depacketizer_0/U0/p_0_in[7]                                                                   |                                                                                                                                                      |                1 |              8 |         8.00 |
|  design_1_i/clk_wiz_0/inst/uart_clk                      | design_1_i/AXI4Stream_UART_0/U0/UART_Manager_inst/Inst_uart/uart_tx_count[2]_i_1_n_0                     | design_1_i/proc_sys_reset_1/U0/peripheral_reset[0]                                                                                                   |                2 |             10 |         5.00 |
|  design_1_i/clk_wiz_0/inst/uart_clk                      | design_1_i/AXI4Stream_UART_0/U0/UART_Manager_inst/Inst_uart/uart_rx_data_vec                             | design_1_i/proc_sys_reset_1/U0/peripheral_reset[0]                                                                                                   |                2 |             11 |         5.50 |
|  design_1_i/clk_wiz_0/inst/sys_clk                       |                                                                                                          | design_1_i/AXI4Stream_UART_0/U0/FIFO_DATA_TX/gnuram_async_fifo.xpm_fifo_base_inst/xpm_fifo_rst_inst/wrst_busy                                        |                6 |             12 |         2.00 |
|  design_1_i/clk_wiz_0/inst/uart_clk                      |                                                                                                          | design_1_i/AXI4Stream_UART_0/U0/FIFO_DATA_RX/gnuram_async_fifo.xpm_fifo_base_inst/xpm_fifo_rst_inst/wrst_busy                                        |                4 |             12 |         3.00 |
|  design_1_i/clk_wiz_0/inst/uart_clk                      |                                                                                                          | design_1_i/AXI4Stream_UART_0/U0/FIFO_DATA_TX/gnuram_async_fifo.xpm_fifo_base_inst/xpm_fifo_rst_inst/gen_rst_ic.fifo_rd_rst_ic_reg_0                  |                4 |             15 |         3.75 |
|  design_1_i/clk_wiz_0/inst/sys_clk                       |                                                                                                          | design_1_i/AXI4Stream_UART_0/U0/FIFO_DATA_RX/gnuram_async_fifo.xpm_fifo_base_inst/xpm_fifo_rst_inst/gen_rst_ic.fifo_rd_rst_ic_reg_0                  |                6 |             15 |         2.50 |
|  design_1_i/clk_wiz_0/inst/sys_clk                       | design_1_i/packetizer_0/U0/high_byte0                                                                    |                                                                                                                                                      |                4 |             16 |         4.00 |
|  design_1_i/clk_wiz_0/inst/sys_clk                       | design_1_i/mute_controller_0/U0/m01_axis_tdata0                                                          | design_1_i/mute_controller_0/U0/m01_axis_tdata[15]_i_1_n_0                                                                                           |                3 |             16 |         5.33 |
|  design_1_i/clk_wiz_0/inst/sys_clk                       | design_1_i/mobile_mean_filter_0/U0/m03_axis_tdata0                                                       |                                                                                                                                                      |                5 |             17 |         3.40 |
|  design_1_i/clk_wiz_0/inst/sys_clk                       | design_1_i/mobile_mean_filter_0/U0/s03_axis_tdata_int0                                                   |                                                                                                                                                      |                6 |             17 |         2.83 |
|  design_1_i/clk_wiz_0/inst/sys_clk                       | design_1_i/mute_controller_0/U0/s01_axis_tlast_int0                                                      |                                                                                                                                                      |                4 |             17 |         4.25 |
|  design_1_i/clk_wiz_0/inst/sys_clk                       | design_1_i/volume_controller_0/U0/s02_axis_tdata_int0                                                    |                                                                                                                                                      |                5 |             17 |         3.40 |
|  design_1_i/clk_wiz_0/inst/sys_clk                       | design_1_i/volume_controller_0/U0/m02_axis_tdata0                                                        |                                                                                                                                                      |               13 |             17 |         1.31 |
|  design_1_i/clk_wiz_0/inst/sys_clk                       | design_1_i/volume_controller_0/U0/volume_level_interal_0                                                 | design_1_i/volume_controller_0/U0/FSM_onehot_state[1]_i_3_n_0                                                                                        |                7 |             20 |         2.86 |
|  design_1_i/clk_wiz_0/inst/sys_clk                       | design_1_i/debouncer_1/U0/counter_0                                                                      | design_1_i/proc_sys_reset_0/U0/peripheral_reset[0]                                                                                                   |                6 |             20 |         3.33 |
|  design_1_i/clk_wiz_0/inst/sys_clk                       | design_1_i/debouncer_0/U0/counter_0                                                                      | design_1_i/proc_sys_reset_0/U0/peripheral_reset[0]                                                                                                   |                5 |             20 |         4.00 |
|  design_1_i/clk_wiz_0/inst/sys_clk                       | design_1_i/AXI4Stream_UART_0/U0/FIFO_DATA_RX/gnuram_async_fifo.xpm_fifo_base_inst/rdp_inst/E[0]          | design_1_i/AXI4Stream_UART_0/U0/FIFO_DATA_RX/gnuram_async_fifo.xpm_fifo_base_inst/xpm_fifo_rst_inst/gen_rst_ic.fifo_rd_rst_ic_reg_0                  |                6 |             23 |         3.83 |
|  design_1_i/clk_wiz_0/inst/uart_clk                      | design_1_i/AXI4Stream_UART_0/U0/FIFO_DATA_TX/gnuram_async_fifo.xpm_fifo_base_inst/rdp_inst/E[0]          | design_1_i/AXI4Stream_UART_0/U0/FIFO_DATA_TX/gnuram_async_fifo.xpm_fifo_base_inst/xpm_fifo_rst_inst/gen_rst_ic.fifo_rd_rst_ic_reg_0                  |                6 |             23 |         3.83 |
|  design_1_i/clk_wiz_0/inst/uart_clk                      |                                                                                                          | design_1_i/proc_sys_reset_1/U0/peripheral_reset[0]                                                                                                   |                9 |             30 |         3.33 |
|  design_1_i/clk_wiz_0/inst/sys_clk                       | design_1_i/depacketizer_0/U0/data_sr_reg[1]0                                                             |                                                                                                                                                      |                4 |             32 |         8.00 |
|  design_1_i/clk_wiz_0/inst/sys_clk                       | design_1_i/mobile_mean_filter_0/U0/MeanL_0                                                               | design_1_i/mobile_mean_filter_0/U0/FSM_onehot_state[1]_i_2_n_0                                                                                       |                6 |             32 |         5.33 |
|  design_1_i/clk_wiz_0/inst/uart_clk                      | design_1_i/AXI4Stream_UART_0/U0/FIFO_DATA_RX/gnuram_async_fifo.xpm_fifo_base_inst/xpm_fifo_rst_inst/E[0] | design_1_i/AXI4Stream_UART_0/U0/FIFO_DATA_RX/gnuram_async_fifo.xpm_fifo_base_inst/xpm_fifo_rst_inst/wrst_busy                                        |                9 |             34 |         3.78 |
|  design_1_i/clk_wiz_0/inst/sys_clk                       | design_1_i/AXI4Stream_UART_0/U0/FIFO_DATA_TX/gnuram_async_fifo.xpm_fifo_base_inst/xpm_fifo_rst_inst/E[0] | design_1_i/AXI4Stream_UART_0/U0/FIFO_DATA_TX/gnuram_async_fifo.xpm_fifo_base_inst/xpm_fifo_rst_inst/wrst_busy                                        |               12 |             45 |         3.75 |
|  design_1_i/clk_wiz_0/inst/sys_clk                       | design_1_i/mobile_mean_filter_0/U0/fifo_L_reg[31]0                                                       |                                                                                                                                                      |               12 |             48 |         4.00 |
|  design_1_i/clk_wiz_0/inst/uart_clk                      |                                                                                                          |                                                                                                                                                      |               27 |            106 |         3.93 |
|  design_1_i/clk_wiz_0/inst/sys_clk                       |                                                                                                          |                                                                                                                                                      |               31 |            111 |         3.58 |
+----------------------------------------------------------+----------------------------------------------------------------------------------------------------------+------------------------------------------------------------------------------------------------------------------------------------------------------+------------------+----------------+--------------+


