
*** Running vivado
    with args -log design_1_wrapper.vdi -applog -m64 -product Vivado -messageDb vivado.pb -mode batch -source design_1_wrapper.tcl -notrace



****** Vivado v2020.2 (64-bit)
  **** SW Build 3064766 on Wed Nov 18 09:12:45 MST 2020
  **** IP Build 3064653 on Wed Nov 18 14:17:31 MST 2020
    ** Copyright 1986-2020 Xilinx, Inc. All Rights Reserved.

source design_1_wrapper.tcl -notrace
INFO: [IP_Flow 19-234] Refreshing IP repositories
INFO: [IP_Flow 19-1700] Loaded user IP repository 'c:/Users/SimoGein/Desktop/DESD/DESD-LAB3/lib'.
INFO: [IP_Flow 19-2313] Loaded Vivado IP repository 'C:/Xilinx/Vivado/2020.2/data/ip'.
add_files: Time (s): cpu = 00:00:01 ; elapsed = 00:00:15 . Memory (MB): peak = 1005.637 ; gain = 0.000
Command: link_design -top design_1_wrapper -part xc7a35tcpg236-1
Design is defaulting to srcset: sources_1
Design is defaulting to constrset: constrs_1
INFO: [Device 21-403] Loading part xc7a35tcpg236-1
INFO: [Project 1-454] Reading design checkpoint 'c:/Users/SimoGein/Desktop/DESD/DESD-LAB3/project_3.gen/sources_1/bd/design_1/ip/design_1_AXI4Stream_UART_0_0/design_1_AXI4Stream_UART_0_0.dcp' for cell 'design_1_i/AXI4Stream_UART_0'
INFO: [Project 1-454] Reading design checkpoint 'c:/Users/SimoGein/Desktop/DESD/DESD-LAB3/project_3.gen/sources_1/bd/design_1/ip/design_1_clk_wiz_0_0/design_1_clk_wiz_0_0.dcp' for cell 'design_1_i/clk_wiz_0'
INFO: [Project 1-454] Reading design checkpoint 'c:/Users/SimoGein/Desktop/DESD/DESD-LAB3/project_3.gen/sources_1/bd/design_1/ip/design_1_debouncer_0_0/design_1_debouncer_0_0.dcp' for cell 'design_1_i/debouncer_0'
INFO: [Project 1-454] Reading design checkpoint 'c:/Users/SimoGein/Desktop/DESD/DESD-LAB3/project_3.gen/sources_1/bd/design_1/ip/design_1_debouncer_0_1/design_1_debouncer_0_1.dcp' for cell 'design_1_i/debouncer_1'
INFO: [Project 1-454] Reading design checkpoint 'c:/Users/SimoGein/Desktop/DESD/DESD-LAB3/project_3.gen/sources_1/bd/design_1/ip/design_1_depacketizer_0_0/design_1_depacketizer_0_0.dcp' for cell 'design_1_i/depacketizer_0'
INFO: [Project 1-454] Reading design checkpoint 'c:/Users/SimoGein/Desktop/DESD/DESD-LAB3/project_3.gen/sources_1/bd/design_1/ip/design_1_edge_detector_0_0/design_1_edge_detector_0_0.dcp' for cell 'design_1_i/edge_detector_0'
INFO: [Project 1-454] Reading design checkpoint 'c:/Users/SimoGein/Desktop/DESD/DESD-LAB3/project_3.gen/sources_1/bd/design_1/ip/design_1_edge_detector_0_1/design_1_edge_detector_0_1.dcp' for cell 'design_1_i/edge_detector_1'
INFO: [Project 1-454] Reading design checkpoint 'c:/Users/SimoGein/Desktop/DESD/DESD-LAB3/project_3.gen/sources_1/bd/design_1/ip/design_1_mobile_mean_filter_0_0/design_1_mobile_mean_filter_0_0.dcp' for cell 'design_1_i/mobile_mean_filter_0'
INFO: [Project 1-454] Reading design checkpoint 'c:/Users/SimoGein/Desktop/DESD/DESD-LAB3/project_3.gen/sources_1/bd/design_1/ip/design_1_mute_controller_0_0/design_1_mute_controller_0_0.dcp' for cell 'design_1_i/mute_controller_0'
INFO: [Project 1-454] Reading design checkpoint 'c:/Users/SimoGein/Desktop/DESD/DESD-LAB3/project_3.gen/sources_1/bd/design_1/ip/design_1_packetizer_0_0/design_1_packetizer_0_0.dcp' for cell 'design_1_i/packetizer_0'
INFO: [Project 1-454] Reading design checkpoint 'c:/Users/SimoGein/Desktop/DESD/DESD-LAB3/project_3.gen/sources_1/bd/design_1/ip/design_1_proc_sys_reset_0_0/design_1_proc_sys_reset_0_0.dcp' for cell 'design_1_i/proc_sys_reset_0'
INFO: [Project 1-454] Reading design checkpoint 'c:/Users/SimoGein/Desktop/DESD/DESD-LAB3/project_3.gen/sources_1/bd/design_1/ip/design_1_proc_sys_reset_0_1/design_1_proc_sys_reset_0_1.dcp' for cell 'design_1_i/proc_sys_reset_1'
INFO: [Project 1-454] Reading design checkpoint 'c:/Users/SimoGein/Desktop/DESD/DESD-LAB3/project_3.gen/sources_1/bd/design_1/ip/design_1_volume_controller_0_0/design_1_volume_controller_0_0.dcp' for cell 'design_1_i/volume_controller_0'
Netlist sorting complete. Time (s): cpu = 00:00:00 ; elapsed = 00:00:00.030 . Memory (MB): peak = 1005.637 ; gain = 0.000
INFO: [Netlist 29-17] Analyzing 102 Unisim elements for replacement
INFO: [Netlist 29-28] Unisim Transformation completed in 0 CPU seconds
INFO: [Project 1-479] Netlist was created with Vivado 2020.2
INFO: [Project 1-570] Preparing netlist for logic optimization
Parsing XDC File [c:/Users/SimoGein/Desktop/DESD/DESD-LAB3/project_3.gen/sources_1/bd/design_1/ip/design_1_clk_wiz_0_0/design_1_clk_wiz_0_0_board.xdc] for cell 'design_1_i/clk_wiz_0/inst'
Finished Parsing XDC File [c:/Users/SimoGein/Desktop/DESD/DESD-LAB3/project_3.gen/sources_1/bd/design_1/ip/design_1_clk_wiz_0_0/design_1_clk_wiz_0_0_board.xdc] for cell 'design_1_i/clk_wiz_0/inst'
Parsing XDC File [c:/Users/SimoGein/Desktop/DESD/DESD-LAB3/project_3.gen/sources_1/bd/design_1/ip/design_1_clk_wiz_0_0/design_1_clk_wiz_0_0.xdc] for cell 'design_1_i/clk_wiz_0/inst'
INFO: [Timing 38-35] Done setting XDC timing constraints. [c:/Users/SimoGein/Desktop/DESD/DESD-LAB3/project_3.gen/sources_1/bd/design_1/ip/design_1_clk_wiz_0_0/design_1_clk_wiz_0_0.xdc:57]
INFO: [Timing 38-2] Deriving generated clocks [c:/Users/SimoGein/Desktop/DESD/DESD-LAB3/project_3.gen/sources_1/bd/design_1/ip/design_1_clk_wiz_0_0/design_1_clk_wiz_0_0.xdc:57]
get_clocks: Time (s): cpu = 00:00:12 ; elapsed = 00:00:12 . Memory (MB): peak = 1292.844 ; gain = 287.207
Finished Parsing XDC File [c:/Users/SimoGein/Desktop/DESD/DESD-LAB3/project_3.gen/sources_1/bd/design_1/ip/design_1_clk_wiz_0_0/design_1_clk_wiz_0_0.xdc] for cell 'design_1_i/clk_wiz_0/inst'
Parsing XDC File [c:/Users/SimoGein/Desktop/DESD/DESD-LAB3/project_3.gen/sources_1/bd/design_1/ip/design_1_proc_sys_reset_0_0/design_1_proc_sys_reset_0_0_board.xdc] for cell 'design_1_i/proc_sys_reset_0/U0'
Finished Parsing XDC File [c:/Users/SimoGein/Desktop/DESD/DESD-LAB3/project_3.gen/sources_1/bd/design_1/ip/design_1_proc_sys_reset_0_0/design_1_proc_sys_reset_0_0_board.xdc] for cell 'design_1_i/proc_sys_reset_0/U0'
Parsing XDC File [c:/Users/SimoGein/Desktop/DESD/DESD-LAB3/project_3.gen/sources_1/bd/design_1/ip/design_1_proc_sys_reset_0_0/design_1_proc_sys_reset_0_0.xdc] for cell 'design_1_i/proc_sys_reset_0/U0'
Finished Parsing XDC File [c:/Users/SimoGein/Desktop/DESD/DESD-LAB3/project_3.gen/sources_1/bd/design_1/ip/design_1_proc_sys_reset_0_0/design_1_proc_sys_reset_0_0.xdc] for cell 'design_1_i/proc_sys_reset_0/U0'
Parsing XDC File [c:/Users/SimoGein/Desktop/DESD/DESD-LAB3/project_3.gen/sources_1/bd/design_1/ip/design_1_AXI4Stream_UART_0_0/design_1_AXI4Stream_UART_0_0_board.xdc] for cell 'design_1_i/AXI4Stream_UART_0/U0'
Finished Parsing XDC File [c:/Users/SimoGein/Desktop/DESD/DESD-LAB3/project_3.gen/sources_1/bd/design_1/ip/design_1_AXI4Stream_UART_0_0/design_1_AXI4Stream_UART_0_0_board.xdc] for cell 'design_1_i/AXI4Stream_UART_0/U0'
Parsing XDC File [c:/Users/SimoGein/Desktop/DESD/DESD-LAB3/project_3.gen/sources_1/bd/design_1/ip/design_1_proc_sys_reset_0_1/design_1_proc_sys_reset_0_1_board.xdc] for cell 'design_1_i/proc_sys_reset_1/U0'
Finished Parsing XDC File [c:/Users/SimoGein/Desktop/DESD/DESD-LAB3/project_3.gen/sources_1/bd/design_1/ip/design_1_proc_sys_reset_0_1/design_1_proc_sys_reset_0_1_board.xdc] for cell 'design_1_i/proc_sys_reset_1/U0'
Parsing XDC File [c:/Users/SimoGein/Desktop/DESD/DESD-LAB3/project_3.gen/sources_1/bd/design_1/ip/design_1_proc_sys_reset_0_1/design_1_proc_sys_reset_0_1.xdc] for cell 'design_1_i/proc_sys_reset_1/U0'
Finished Parsing XDC File [c:/Users/SimoGein/Desktop/DESD/DESD-LAB3/project_3.gen/sources_1/bd/design_1/ip/design_1_proc_sys_reset_0_1/design_1_proc_sys_reset_0_1.xdc] for cell 'design_1_i/proc_sys_reset_1/U0'
Parsing XDC File [C:/Users/SimoGein/Desktop/DESD/basys3_master_xdc.xdc]
Finished Parsing XDC File [C:/Users/SimoGein/Desktop/DESD/basys3_master_xdc.xdc]
INFO: [Project 1-1715] 3 XPM XDC files have been applied to the design.
INFO: [Opt 31-138] Pushed 0 inverter(s) to 0 load pin(s).
Netlist sorting complete. Time (s): cpu = 00:00:00 ; elapsed = 00:00:00.002 . Memory (MB): peak = 1292.844 ; gain = 0.000
INFO: [Project 1-111] Unisim Transformation Summary:
No Unisim elements were transformed.

26 Infos, 0 Warnings, 0 Critical Warnings and 0 Errors encountered.
link_design completed successfully
link_design: Time (s): cpu = 00:00:23 ; elapsed = 00:00:26 . Memory (MB): peak = 1292.844 ; gain = 287.207
Command: opt_design
Attempting to get a license for feature 'Implementation' and/or device 'xc7a35t'
INFO: [Common 17-349] Got license for feature 'Implementation' and/or device 'xc7a35t'
Running DRC as a precondition to command opt_design

Starting DRC Task
INFO: [DRC 23-27] Running DRC with 2 threads
INFO: [Project 1-461] DRC finished with 0 Errors
INFO: [Project 1-462] Please refer to the DRC report (report_drc) for more information.

Time (s): cpu = 00:00:04 ; elapsed = 00:00:03 . Memory (MB): peak = 1292.844 ; gain = 0.000

Starting Cache Timing Information Task
INFO: [Timing 38-35] Done setting XDC timing constraints.
Ending Cache Timing Information Task | Checksum: 1f5edaa95

Time (s): cpu = 00:00:00 ; elapsed = 00:00:00.171 . Memory (MB): peak = 1292.844 ; gain = 0.000

Starting Logic Optimization Task

Phase 1 Retarget
INFO: [Opt 31-138] Pushed 1 inverter(s) to 11 load pin(s).
INFO: [Opt 31-49] Retargeted 0 cell(s).
Phase 1 Retarget | Checksum: 21120b039

Time (s): cpu = 00:00:00 ; elapsed = 00:00:00.221 . Memory (MB): peak = 1461.383 ; gain = 0.000
INFO: [Opt 31-389] Phase Retarget created 2 cells and removed 7 cells
INFO: [Opt 31-1021] In phase Retarget, 3 netlist objects are constrained preventing optimization. Please run opt_design with -debug_log to get more detail. 

Phase 2 Constant propagation
INFO: [Opt 31-138] Pushed 0 inverter(s) to 0 load pin(s).
Phase 2 Constant propagation | Checksum: 217a27ed0

Time (s): cpu = 00:00:00 ; elapsed = 00:00:00.264 . Memory (MB): peak = 1461.383 ; gain = 0.000
INFO: [Opt 31-389] Phase Constant propagation created 0 cells and removed 2 cells

Phase 3 Sweep
Phase 3 Sweep | Checksum: 18bee249b

Time (s): cpu = 00:00:00 ; elapsed = 00:00:00.430 . Memory (MB): peak = 1461.383 ; gain = 0.000
INFO: [Opt 31-389] Phase Sweep created 0 cells and removed 379 cells

Phase 4 BUFG optimization
Phase 4 BUFG optimization | Checksum: 18bee249b

Time (s): cpu = 00:00:00 ; elapsed = 00:00:00.472 . Memory (MB): peak = 1461.383 ; gain = 0.000
INFO: [Opt 31-662] Phase BUFG optimization created 0 cells of which 0 are BUFGs and removed 0 cells.

Phase 5 Shift Register Optimization
INFO: [Opt 31-1064] SRL Remap converted 0 SRLs to 0 registers and converted 0 registers of register chains to 0 SRLs
Phase 5 Shift Register Optimization | Checksum: 18bee249b

Time (s): cpu = 00:00:00 ; elapsed = 00:00:00.487 . Memory (MB): peak = 1461.383 ; gain = 0.000
INFO: [Opt 31-389] Phase Shift Register Optimization created 0 cells and removed 0 cells

Phase 6 Post Processing Netlist
Phase 6 Post Processing Netlist | Checksum: 18bee249b

Time (s): cpu = 00:00:00 ; elapsed = 00:00:00.501 . Memory (MB): peak = 1461.383 ; gain = 0.000
INFO: [Opt 31-389] Phase Post Processing Netlist created 0 cells and removed 0 cells
Opt_design Change Summary
=========================


-------------------------------------------------------------------------------------------------------------------------
|  Phase                        |  #Cells created  |  #Cells Removed  |  #Constrained objects preventing optimizations  |
-------------------------------------------------------------------------------------------------------------------------
|  Retarget                     |               2  |               7  |                                              3  |
|  Constant propagation         |               0  |               2  |                                              0  |
|  Sweep                        |               0  |             379  |                                              0  |
|  BUFG optimization            |               0  |               0  |                                              0  |
|  Shift Register Optimization  |               0  |               0  |                                              0  |
|  Post Processing Netlist      |               0  |               0  |                                              0  |
-------------------------------------------------------------------------------------------------------------------------



Starting Connectivity Check Task

Time (s): cpu = 00:00:00 ; elapsed = 00:00:00.007 . Memory (MB): peak = 1461.383 ; gain = 0.000
Ending Logic Optimization Task | Checksum: 2319d52ec

Time (s): cpu = 00:00:00 ; elapsed = 00:00:00.630 . Memory (MB): peak = 1461.383 ; gain = 0.000

Starting Power Optimization Task
INFO: [Pwropt 34-132] Skipping clock gating for clocks with a period < 2.00 ns.
INFO: [Timing 38-35] Done setting XDC timing constraints.
INFO: [Pwropt 34-9] Applying IDT optimizations ...
INFO: [Pwropt 34-10] Applying ODC optimizations ...
Running Vector-less Activity Propagation...

Finished Running Vector-less Activity Propagation


Starting PowerOpt Patch Enables Task
INFO: [Pwropt 34-162] WRITE_MODE attribute of 0 BRAM(s) out of a total of 2 has been updated to save power. Run report_power_opt to get a complete listing of the BRAMs updated.
INFO: [Pwropt 34-201] Structural ODC has moved 0 WE to EN ports
Number of BRAM Ports augmented: 1 newly gated: 0 Total Ports: 4
Ending PowerOpt Patch Enables Task | Checksum: 1ba559c41

Time (s): cpu = 00:00:00 ; elapsed = 00:00:00.042 . Memory (MB): peak = 1595.559 ; gain = 0.000
Ending Power Optimization Task | Checksum: 1ba559c41

Time (s): cpu = 00:00:03 ; elapsed = 00:00:02 . Memory (MB): peak = 1595.559 ; gain = 134.176

Starting Final Cleanup Task
Ending Final Cleanup Task | Checksum: 1ba559c41

Time (s): cpu = 00:00:00 ; elapsed = 00:00:00 . Memory (MB): peak = 1595.559 ; gain = 0.000

Starting Netlist Obfuscation Task
Netlist sorting complete. Time (s): cpu = 00:00:00 ; elapsed = 00:00:00.005 . Memory (MB): peak = 1595.559 ; gain = 0.000
Ending Netlist Obfuscation Task | Checksum: 1da105491

Time (s): cpu = 00:00:00 ; elapsed = 00:00:00.006 . Memory (MB): peak = 1595.559 ; gain = 0.000
INFO: [Common 17-83] Releasing license: Implementation
49 Infos, 0 Warnings, 0 Critical Warnings and 0 Errors encountered.
opt_design completed successfully
opt_design: Time (s): cpu = 00:00:12 ; elapsed = 00:00:12 . Memory (MB): peak = 1595.559 ; gain = 302.715
INFO: [Timing 38-35] Done setting XDC timing constraints.
INFO: [Timing 38-480] Writing timing data to binary archive.
Writing placer database...
Writing XDEF routing.
Writing XDEF routing logical nets.
Writing XDEF routing special nets.
Write XDEF Complete: Time (s): cpu = 00:00:00 ; elapsed = 00:00:00.116 . Memory (MB): peak = 1595.559 ; gain = 0.000
INFO: [Common 17-1381] The checkpoint 'C:/Users/SimoGein/Desktop/DESD/DESD-LAB3/project_3.runs/impl_1/design_1_wrapper_opt.dcp' has been generated.
INFO: [runtcl-4] Executing : report_drc -file design_1_wrapper_drc_opted.rpt -pb design_1_wrapper_drc_opted.pb -rpx design_1_wrapper_drc_opted.rpx
Command: report_drc -file design_1_wrapper_drc_opted.rpt -pb design_1_wrapper_drc_opted.pb -rpx design_1_wrapper_drc_opted.rpx
INFO: [IP_Flow 19-1839] IP Catalog is up to date.
INFO: [DRC 23-27] Running DRC with 2 threads
INFO: [Coretcl 2-168] The results of DRC are in file C:/Users/SimoGein/Desktop/DESD/DESD-LAB3/project_3.runs/impl_1/design_1_wrapper_drc_opted.rpt.
report_drc completed successfully
Command: place_design
Attempting to get a license for feature 'Implementation' and/or device 'xc7a35t'
INFO: [Common 17-349] Got license for feature 'Implementation' and/or device 'xc7a35t'
INFO: [DRC 23-27] Running DRC with 2 threads
INFO: [Vivado_Tcl 4-198] DRC finished with 0 Errors
INFO: [Vivado_Tcl 4-199] Please refer to the DRC report (report_drc) for more information.
Running DRC as a precondition to command place_design
INFO: [DRC 23-27] Running DRC with 2 threads
WARNING: [DRC REQP-1840] RAMB18 async control check: The RAMB18E1 design_1_i/AXI4Stream_UART_0/U0/FIFO_DATA_RX/gnuram_async_fifo.xpm_fifo_base_inst/gen_sdpram.xpm_memory_base_inst/gen_wr_a.gen_word_narrow.mem_reg has an input control pin design_1_i/AXI4Stream_UART_0/U0/FIFO_DATA_RX/gnuram_async_fifo.xpm_fifo_base_inst/gen_sdpram.xpm_memory_base_inst/gen_wr_a.gen_word_narrow.mem_reg/ENARDEN (net: design_1_i/AXI4Stream_UART_0/U0/FIFO_DATA_RX/gnuram_async_fifo.xpm_fifo_base_inst/gen_sdpram.xpm_memory_base_inst/ena) which is driven by a register (design_1_i/AXI4Stream_UART_0/U0/UART_Manager_inst/FIFO_DATA_RX_wr_en_reg) that has an active asychronous set or reset. This may cause corruption of the memory contents and/or read values when the set/reset is asserted and is not analyzed by the default static timing analysis. It is suggested to eliminate the use of a set/reset to registers driving this RAMB pin or else use a synchronous reset in which the assertion of the reset is timed by default.
WARNING: [DRC REQP-1840] RAMB18 async control check: The RAMB18E1 design_1_i/AXI4Stream_UART_0/U0/FIFO_DATA_RX/gnuram_async_fifo.xpm_fifo_base_inst/gen_sdpram.xpm_memory_base_inst/gen_wr_a.gen_word_narrow.mem_reg has an input control pin design_1_i/AXI4Stream_UART_0/U0/FIFO_DATA_RX/gnuram_async_fifo.xpm_fifo_base_inst/gen_sdpram.xpm_memory_base_inst/gen_wr_a.gen_word_narrow.mem_reg/ENBWREN (net: design_1_i/AXI4Stream_UART_0/U0/FIFO_DATA_RX/gnuram_async_fifo.xpm_fifo_base_inst/gen_sdpram.xpm_memory_base_inst/enb) which is driven by a register (design_1_i/depacketizer_0/U0/FSM_sequential_state_reg[0]) that has an active asychronous set or reset. This may cause corruption of the memory contents and/or read values when the set/reset is asserted and is not analyzed by the default static timing analysis. It is suggested to eliminate the use of a set/reset to registers driving this RAMB pin or else use a synchronous reset in which the assertion of the reset is timed by default.
WARNING: [DRC REQP-1840] RAMB18 async control check: The RAMB18E1 design_1_i/AXI4Stream_UART_0/U0/FIFO_DATA_RX/gnuram_async_fifo.xpm_fifo_base_inst/gen_sdpram.xpm_memory_base_inst/gen_wr_a.gen_word_narrow.mem_reg has an input control pin design_1_i/AXI4Stream_UART_0/U0/FIFO_DATA_RX/gnuram_async_fifo.xpm_fifo_base_inst/gen_sdpram.xpm_memory_base_inst/gen_wr_a.gen_word_narrow.mem_reg/ENBWREN (net: design_1_i/AXI4Stream_UART_0/U0/FIFO_DATA_RX/gnuram_async_fifo.xpm_fifo_base_inst/gen_sdpram.xpm_memory_base_inst/enb) which is driven by a register (design_1_i/depacketizer_0/U0/FSM_sequential_state_reg[1]) that has an active asychronous set or reset. This may cause corruption of the memory contents and/or read values when the set/reset is asserted and is not analyzed by the default static timing analysis. It is suggested to eliminate the use of a set/reset to registers driving this RAMB pin or else use a synchronous reset in which the assertion of the reset is timed by default.
WARNING: [DRC REQP-1840] RAMB18 async control check: The RAMB18E1 design_1_i/AXI4Stream_UART_0/U0/FIFO_DATA_RX/gnuram_async_fifo.xpm_fifo_base_inst/gen_sdpram.xpm_memory_base_inst/gen_wr_a.gen_word_narrow.mem_reg has an input control pin design_1_i/AXI4Stream_UART_0/U0/FIFO_DATA_RX/gnuram_async_fifo.xpm_fifo_base_inst/gen_sdpram.xpm_memory_base_inst/gen_wr_a.gen_word_narrow.mem_reg/ENBWREN (net: design_1_i/AXI4Stream_UART_0/U0/FIFO_DATA_RX/gnuram_async_fifo.xpm_fifo_base_inst/gen_sdpram.xpm_memory_base_inst/enb) which is driven by a register (design_1_i/depacketizer_0/U0/FSM_sequential_state_reg[2]) that has an active asychronous set or reset. This may cause corruption of the memory contents and/or read values when the set/reset is asserted and is not analyzed by the default static timing analysis. It is suggested to eliminate the use of a set/reset to registers driving this RAMB pin or else use a synchronous reset in which the assertion of the reset is timed by default.
WARNING: [DRC REQP-1840] RAMB18 async control check: The RAMB18E1 design_1_i/AXI4Stream_UART_0/U0/FIFO_DATA_RX/gnuram_async_fifo.xpm_fifo_base_inst/gen_sdpram.xpm_memory_base_inst/gen_wr_a.gen_word_narrow.mem_reg has an input control pin design_1_i/AXI4Stream_UART_0/U0/FIFO_DATA_RX/gnuram_async_fifo.xpm_fifo_base_inst/gen_sdpram.xpm_memory_base_inst/gen_wr_a.gen_word_narrow.mem_reg/WEA[0] (net: design_1_i/AXI4Stream_UART_0/U0/FIFO_DATA_RX/gnuram_async_fifo.xpm_fifo_base_inst/gen_sdpram.xpm_memory_base_inst/ena) which is driven by a register (design_1_i/AXI4Stream_UART_0/U0/UART_Manager_inst/FIFO_DATA_RX_wr_en_reg) that has an active asychronous set or reset. This may cause corruption of the memory contents and/or read values when the set/reset is asserted and is not analyzed by the default static timing analysis. It is suggested to eliminate the use of a set/reset to registers driving this RAMB pin or else use a synchronous reset in which the assertion of the reset is timed by default.
WARNING: [DRC REQP-1840] RAMB18 async control check: The RAMB18E1 design_1_i/AXI4Stream_UART_0/U0/FIFO_DATA_TX/gnuram_async_fifo.xpm_fifo_base_inst/gen_sdpram.xpm_memory_base_inst/gen_wr_a.gen_word_narrow.mem_reg has an input control pin design_1_i/AXI4Stream_UART_0/U0/FIFO_DATA_TX/gnuram_async_fifo.xpm_fifo_base_inst/gen_sdpram.xpm_memory_base_inst/gen_wr_a.gen_word_narrow.mem_reg/ENARDEN (net: design_1_i/AXI4Stream_UART_0/U0/FIFO_DATA_TX/gnuram_async_fifo.xpm_fifo_base_inst/gen_sdpram.xpm_memory_base_inst/ena) which is driven by a register (design_1_i/packetizer_0/U0/FSM_sequential_state_reg[0]) that has an active asychronous set or reset. This may cause corruption of the memory contents and/or read values when the set/reset is asserted and is not analyzed by the default static timing analysis. It is suggested to eliminate the use of a set/reset to registers driving this RAMB pin or else use a synchronous reset in which the assertion of the reset is timed by default.
WARNING: [DRC REQP-1840] RAMB18 async control check: The RAMB18E1 design_1_i/AXI4Stream_UART_0/U0/FIFO_DATA_TX/gnuram_async_fifo.xpm_fifo_base_inst/gen_sdpram.xpm_memory_base_inst/gen_wr_a.gen_word_narrow.mem_reg has an input control pin design_1_i/AXI4Stream_UART_0/U0/FIFO_DATA_TX/gnuram_async_fifo.xpm_fifo_base_inst/gen_sdpram.xpm_memory_base_inst/gen_wr_a.gen_word_narrow.mem_reg/ENARDEN (net: design_1_i/AXI4Stream_UART_0/U0/FIFO_DATA_TX/gnuram_async_fifo.xpm_fifo_base_inst/gen_sdpram.xpm_memory_base_inst/ena) which is driven by a register (design_1_i/packetizer_0/U0/FSM_sequential_state_reg[1]) that has an active asychronous set or reset. This may cause corruption of the memory contents and/or read values when the set/reset is asserted and is not analyzed by the default static timing analysis. It is suggested to eliminate the use of a set/reset to registers driving this RAMB pin or else use a synchronous reset in which the assertion of the reset is timed by default.
WARNING: [DRC REQP-1840] RAMB18 async control check: The RAMB18E1 design_1_i/AXI4Stream_UART_0/U0/FIFO_DATA_TX/gnuram_async_fifo.xpm_fifo_base_inst/gen_sdpram.xpm_memory_base_inst/gen_wr_a.gen_word_narrow.mem_reg has an input control pin design_1_i/AXI4Stream_UART_0/U0/FIFO_DATA_TX/gnuram_async_fifo.xpm_fifo_base_inst/gen_sdpram.xpm_memory_base_inst/gen_wr_a.gen_word_narrow.mem_reg/ENARDEN (net: design_1_i/AXI4Stream_UART_0/U0/FIFO_DATA_TX/gnuram_async_fifo.xpm_fifo_base_inst/gen_sdpram.xpm_memory_base_inst/ena) which is driven by a register (design_1_i/packetizer_0/U0/FSM_sequential_state_reg[2]) that has an active asychronous set or reset. This may cause corruption of the memory contents and/or read values when the set/reset is asserted and is not analyzed by the default static timing analysis. It is suggested to eliminate the use of a set/reset to registers driving this RAMB pin or else use a synchronous reset in which the assertion of the reset is timed by default.
WARNING: [DRC REQP-1840] RAMB18 async control check: The RAMB18E1 design_1_i/AXI4Stream_UART_0/U0/FIFO_DATA_TX/gnuram_async_fifo.xpm_fifo_base_inst/gen_sdpram.xpm_memory_base_inst/gen_wr_a.gen_word_narrow.mem_reg has an input control pin design_1_i/AXI4Stream_UART_0/U0/FIFO_DATA_TX/gnuram_async_fifo.xpm_fifo_base_inst/gen_sdpram.xpm_memory_base_inst/gen_wr_a.gen_word_narrow.mem_reg/ENBWREN (net: design_1_i/AXI4Stream_UART_0/U0/FIFO_DATA_TX/gnuram_async_fifo.xpm_fifo_base_inst/gen_sdpram.xpm_memory_base_inst/enb) which is driven by a register (design_1_i/AXI4Stream_UART_0/U0/UART_Manager_inst/FIFO_DATA_TX_rd_en_reg) that has an active asychronous set or reset. This may cause corruption of the memory contents and/or read values when the set/reset is asserted and is not analyzed by the default static timing analysis. It is suggested to eliminate the use of a set/reset to registers driving this RAMB pin or else use a synchronous reset in which the assertion of the reset is timed by default.
WARNING: [DRC REQP-1840] RAMB18 async control check: The RAMB18E1 design_1_i/AXI4Stream_UART_0/U0/FIFO_DATA_TX/gnuram_async_fifo.xpm_fifo_base_inst/gen_sdpram.xpm_memory_base_inst/gen_wr_a.gen_word_narrow.mem_reg has an input control pin design_1_i/AXI4Stream_UART_0/U0/FIFO_DATA_TX/gnuram_async_fifo.xpm_fifo_base_inst/gen_sdpram.xpm_memory_base_inst/gen_wr_a.gen_word_narrow.mem_reg/WEA[0] (net: design_1_i/AXI4Stream_UART_0/U0/FIFO_DATA_TX/gnuram_async_fifo.xpm_fifo_base_inst/gen_sdpram.xpm_memory_base_inst/ena) which is driven by a register (design_1_i/packetizer_0/U0/FSM_sequential_state_reg[0]) that has an active asychronous set or reset. This may cause corruption of the memory contents and/or read values when the set/reset is asserted and is not analyzed by the default static timing analysis. It is suggested to eliminate the use of a set/reset to registers driving this RAMB pin or else use a synchronous reset in which the assertion of the reset is timed by default.
WARNING: [DRC REQP-1840] RAMB18 async control check: The RAMB18E1 design_1_i/AXI4Stream_UART_0/U0/FIFO_DATA_TX/gnuram_async_fifo.xpm_fifo_base_inst/gen_sdpram.xpm_memory_base_inst/gen_wr_a.gen_word_narrow.mem_reg has an input control pin design_1_i/AXI4Stream_UART_0/U0/FIFO_DATA_TX/gnuram_async_fifo.xpm_fifo_base_inst/gen_sdpram.xpm_memory_base_inst/gen_wr_a.gen_word_narrow.mem_reg/WEA[0] (net: design_1_i/AXI4Stream_UART_0/U0/FIFO_DATA_TX/gnuram_async_fifo.xpm_fifo_base_inst/gen_sdpram.xpm_memory_base_inst/ena) which is driven by a register (design_1_i/packetizer_0/U0/FSM_sequential_state_reg[1]) that has an active asychronous set or reset. This may cause corruption of the memory contents and/or read values when the set/reset is asserted and is not analyzed by the default static timing analysis. It is suggested to eliminate the use of a set/reset to registers driving this RAMB pin or else use a synchronous reset in which the assertion of the reset is timed by default.
WARNING: [DRC REQP-1840] RAMB18 async control check: The RAMB18E1 design_1_i/AXI4Stream_UART_0/U0/FIFO_DATA_TX/gnuram_async_fifo.xpm_fifo_base_inst/gen_sdpram.xpm_memory_base_inst/gen_wr_a.gen_word_narrow.mem_reg has an input control pin design_1_i/AXI4Stream_UART_0/U0/FIFO_DATA_TX/gnuram_async_fifo.xpm_fifo_base_inst/gen_sdpram.xpm_memory_base_inst/gen_wr_a.gen_word_narrow.mem_reg/WEA[0] (net: design_1_i/AXI4Stream_UART_0/U0/FIFO_DATA_TX/gnuram_async_fifo.xpm_fifo_base_inst/gen_sdpram.xpm_memory_base_inst/ena) which is driven by a register (design_1_i/packetizer_0/U0/FSM_sequential_state_reg[2]) that has an active asychronous set or reset. This may cause corruption of the memory contents and/or read values when the set/reset is asserted and is not analyzed by the default static timing analysis. It is suggested to eliminate the use of a set/reset to registers driving this RAMB pin or else use a synchronous reset in which the assertion of the reset is timed by default.
INFO: [Vivado_Tcl 4-198] DRC finished with 0 Errors, 12 Warnings
INFO: [Vivado_Tcl 4-199] Please refer to the DRC report (report_drc) for more information.

Starting Placer Task
INFO: [Place 30-611] Multithreading enabled for place_design using a maximum of 2 CPUs

Phase 1 Placer Initialization

Phase 1.1 Placer Initialization Netlist Sorting
Netlist sorting complete. Time (s): cpu = 00:00:00 ; elapsed = 00:00:00.006 . Memory (MB): peak = 1595.559 ; gain = 0.000
Phase 1.1 Placer Initialization Netlist Sorting | Checksum: 199dc8456

Time (s): cpu = 00:00:00 ; elapsed = 00:00:00.029 . Memory (MB): peak = 1595.559 ; gain = 0.000
Netlist sorting complete. Time (s): cpu = 00:00:00 ; elapsed = 00:00:00.003 . Memory (MB): peak = 1595.559 ; gain = 0.000

Phase 1.2 IO Placement/ Clock Placement/ Build Placer Device
ERROR: [Place 30-58] IO placement is infeasible. Number of unplaced terminals (21) is greater than number of available sites (20).
The following are banks with available pins: 
ERROR: [Place 30-374] IO placer failed to find a solution
Below is the partial placement that can be analyzed to see if any constraint modifications will make the IO placement problem easier to solve.

+-------------------------------------------------------------------------------------------------------------------------------------------------------------------------+
|                                                                     IO Placement : Bank Stats                                                                           |
+----+-------+-------+------------------------------------------------------------------------+------------------------------------------+--------+--------+--------+-----+
| Id | Pins  | Terms |                               Standards                                |                IDelayCtrls               |  VREF  |  VCCO  |   VR   | DCI |
+----+-------+-------+------------------------------------------------------------------------+------------------------------------------+--------+--------+--------+-----+
|  0 |     0 |     0 |                                                                        |                                          |        |        |        |     |
| 14 |    50 |     1 | LVCMOS33(1)                                                            |                                          |        |  +3.30 |    YES |     |
| 16 |    12 |     2 | LVCMOS33(2)                                                            |                                          |        |  +3.30 |    YES |     |
| 34 |    24 |     1 | LVCMOS33(1)                                                            |                                          |        |  +3.30 |    YES |     |
| 35 |    20 |     0 |                                                                        |                                          |        |        |        |     |
+----+-------+-------+------------------------------------------------------------------------+------------------------------------------+--------+--------+--------+-----+
|    |   106 |     4 |                                                                        |                                          |        |        |        |     |
+----+-------+-------+------------------------------------------------------------------------+------------------------------------------+--------+--------+--------+-----+

IO Placement:
+--------+----------------------+-----------------+----------------------+----------------------+----------------------+
| BankId |             Terminal | Standard        | Site                 | Pin                  | Attributes           |
+--------+----------------------+-----------------+----------------------+----------------------+----------------------+
| 14     | reset                | LVCMOS33        | IOB_X0Y13            | U18                  |                      |
+--------+----------------------+-----------------+----------------------+----------------------+----------------------+
| 16     | usb_uart_rxd         | LVCMOS33        | IOB_X0Y112           | B18                  |                      |
|        | usb_uart_txd         | LVCMOS33        | IOB_X0Y111           | A18                  | *                    |
+--------+----------------------+-----------------+----------------------+----------------------+----------------------+
| 34     | sys_clock            | LVCMOS33        | IOB_X1Y26            | W5                   |                      |
+--------+----------------------+-----------------+----------------------+----------------------+----------------------+

Phase 1.2 IO Placement/ Clock Placement/ Build Placer Device | Checksum: cedc8dfc

Time (s): cpu = 00:00:01 ; elapsed = 00:00:00.807 . Memory (MB): peak = 1595.559 ; gain = 0.000
Phase 1 Placer Initialization | Checksum: cedc8dfc

Time (s): cpu = 00:00:01 ; elapsed = 00:00:00.810 . Memory (MB): peak = 1595.559 ; gain = 0.000
ERROR: [Place 30-99] Placer failed with error: 'IO Clock Placer failed'
Please review all ERROR, CRITICAL WARNING, and WARNING messages during placement to understand the cause for failure.
Ending Placer Task | Checksum: cedc8dfc

Time (s): cpu = 00:00:01 ; elapsed = 00:00:00.821 . Memory (MB): peak = 1595.559 ; gain = 0.000
INFO: [Common 17-83] Releasing license: Implementation
65 Infos, 12 Warnings, 0 Critical Warnings and 4 Errors encountered.
place_design failed
ERROR: [Common 17-69] Command failed: Placer could not place all instances
INFO: [Common 17-206] Exiting Vivado at Tue May 25 22:53:27 2021...
